{"numFailedTestSuites":0,"numFailedTests":0,"numPassedTestSuites":13,"numPassedTests":49,"numPendingTestSuites":0,"numPendingTests":0,"numRuntimeErrorTestSuites":0,"numTodoTests":0,"numTotalTestSuites":13,"numTotalTests":49,"openHandles":[],"snapshot":{"added":0,"didUpdate":false,"failure":false,"filesAdded":0,"filesRemoved":0,"filesRemovedList":[],"filesUnmatched":0,"filesUpdated":0,"matched":0,"total":0,"unchecked":0,"uncheckedKeysByFile":[],"unmatched":0,"updated":0},"startTime":1788708456582,"success":true,"testResults":[{"assertionResults":[{"ancestorTitles":["White-Box Unit Testing - Authentication Middleware"],"duration":14,"failing":false,"failureDetails":[],"failureMessages":[],"fullName":"White-Box Unit Testing - Authentication Middleware should return 401 error if Authorization header is missing","invocations":1,"location":null,"numPassingAsserts":4,"retryReasons":[],"startAt":1788708459084,"status":"passed","title":"should return 401 error if Authorization header is missing"},{"ancestorTitles":["White-Box Unit Testing - Authentication Middleware"],"duration":1,"failing":false,"failureDetails":[],"failureMessages":[],"fullName":"White-Box Unit Testing - Authentication Middleware should return 401 error if Bearer prefix is missing from header","invocations":1,"location":null,"numPassingAsserts":2,"retryReasons":[],"startAt":1788708459099,"status":"passed","title":"should return 401 error if Bearer prefix is missing from header"},{"ancestorTitles":["White-Box Unit Testing - Authentication Middleware"],"duration":2,"failing":false,"failureDetails":[],"failureMessages":[],"fullName":"White-Box Unit Testing - Authentication Middleware should return 401 error if token verification fails or is expired","invocations":1,"location":null,"numPassingAsserts":4,"retryReasons":[],"startAt":1788708459101,"status":"passed","title":"should return 401 error if token verification fails or is expired"},{"ancestorTitles":["White-Box Unit Testing - Authentication Middleware"],"duration":39,"failing":false,"failureDetails":[],"failureMessages":[],"fullName":"White-Box Unit Testing - Authentication Middleware should call next() and attach decoded payload to req.user for valid token","invocations":1,"location":null,"numPassingAsserts":4,"retryReasons":[],"startAt":1788708459103,"status":"passed","title":"should call next() and attach decoded payload to req.user for valid token"}],"endTime":1788708459144,"message":"","name":"C:\\Users\\Tristan Zane\\OneDrive\\Desktop\\CAPSTONE\\backend\\src\\middleware\\authMiddleware.test.js","startTime":1788708457649,"status":"passed","summary":""},{"assertionResults":[{"ancestorTitles":["White-Box Unit Testing - Supabase Storage Helper Utility"],"duration":16,"failing":false,"failureDetails":[],"failureMessages":[],"fullName":"White-Box Unit Testing - Supabase Storage Helper Utility should extract storage path from full Supabase URL correctly","invocations":1,"location":null,"numPassingAsserts":1,"retryReasons":[],"startAt":1788708459281,"status":"passed","title":"should extract storage path from full Supabase URL correctly"},{"ancestorTitles":["White-Box Unit Testing - Supabase Storage Helper Utility"],"duration":2,"failing":false,"failureDetails":[],"failureMessages":[],"fullName":"White-Box Unit Testing - Supabase Storage Helper Utility should handle short relative storage path without throwing exception","invocations":1,"location":null,"numPassingAsserts":1,"retryReasons":[],"startAt":1788708459298,"status":"passed","title":"should handle short relative storage path without throwing exception"},{"ancestorTitles":["White-Box Unit Testing - Supabase Storage Helper Utility"],"duration":1,"failing":false,"failureDetails":[],"failureMessages":[],"fullName":"White-Box Unit Testing - Supabase Storage Helper Utility should return last two path elements for arbitrary CDN URL","invocations":1,"location":null,"numPassingAsserts":1,"retryReasons":[],"startAt":1788708459300,"status":"passed","title":"should return last two path elements for arbitrary CDN URL"}],"endTime":1788708459304,"message":"","name":"C:\\Users\\Tristan Zane\\OneDrive\\Desktop\\CAPSTONE\\backend\\src\\utils\\supabaseClient.test.js","startTime":1788708457651,"status":"passed","summary":""},{"assertionResults":[{"ancestorTitles":["White-Box Unit Testing - File & Media Upload Controller"],"duration":16,"failing":false,"failureDetails":[],"failureMessages":[],"fullName":"White-Box Unit Testing - File & Media Upload Controller uploadIncidentPhoto: should return 400 Bad Request if req.file is missing","invocations":1,"location":null,"numPassingAsserts":3,"retryReasons":[],"startAt":1788708459418,"status":"passed","title":"uploadIncidentPhoto: should return 400 Bad Request if req.file is missing"},{"ancestorTitles":["White-Box Unit Testing - File & Media Upload Controller"],"duration":2,"failing":false,"failureDetails":[],"failureMessages":[],"fullName":"White-Box Unit Testing - File & Media Upload Controller uploadIncidentPhoto: should process image file upload successfully","invocations":1,"location":null,"numPassingAsserts":2,"retryReasons":[],"startAt":1788708459435,"status":"passed","title":"uploadIncidentPhoto: should process image file upload successfully"}],"endTime":1788708459440,"message":"","name":"C:\\Users\\Tristan Zane\\OneDrive\\Desktop\\CAPSTONE\\backend\\src\\controllers\\uploadController.test.js","startTime":1788708457653,"status":"passed","summary":""},{"assertionResults":[{"ancestorTitles":["White-Box Unit Testing - Cloudinary Image Buffer Helper Service"],"duration":34,"failing":false,"failureDetails":[],"failureMessages":[],"fullName":"White-Box Unit Testing - Cloudinary Image Buffer Helper Service should return null when image buffer is missing or undefined","invocations":1,"location":null,"numPassingAsserts":1,"retryReasons":[],"startAt":1788708459922,"status":"passed","title":"should return null when image buffer is missing or undefined"},{"ancestorTitles":["White-Box Unit Testing - Cloudinary Image Buffer Helper Service"],"duration":4,"failing":false,"failureDetails":[],"failureMessages":[],"fullName":"White-Box Unit Testing - Cloudinary Image Buffer Helper Service should format base64 string accurately from image buffer","invocations":1,"location":null,"numPassingAsserts":2,"retryReasons":[],"startAt":1788708459958,"status":"passed","title":"should format base64 string accurately from image buffer"}],"endTime":1788708459965,"message":"","name":"C:\\Users\\Tristan Zane\\OneDrive\\Desktop\\CAPSTONE\\backend\\src\\services\\cloudinaryService.test.js","startTime":1788708457576,"status":"passed","summary":""},{"assertionResults":[{"ancestorTitles":["White-Box Unit Testing - Incident Code Format Generator"],"duration":26,"failing":false,"failureDetails":[],"failureMessages":[],"fullName":"White-Box Unit Testing - Incident Code Format Generator should generate zero-padded code format INC-YYYY-001 for first incident","invocations":1,"location":null,"numPassingAsserts":1,"retryReasons":[],"startAt":1788708459944,"status":"passed","title":"should generate zero-padded code format INC-YYYY-001 for first incident"},{"ancestorTitles":["White-Box Unit Testing - Incident Code Format Generator"],"duration":2,"failing":false,"failureDetails":[],"failureMessages":[],"fullName":"White-Box Unit Testing - Incident Code Format Generator should generate incremented zero-padded code INC-YYYY-043 for 42 existing incidents","invocations":1,"location":null,"numPassingAsserts":1,"retryReasons":[],"startAt":1788708459971,"status":"passed","title":"should generate incremented zero-padded code INC-YYYY-043 for 42 existing incidents"},{"ancestorTitles":["White-Box Unit Testing - Incident Code Format Generator"],"duration":16,"failing":false,"failureDetails":[],"failureMessages":[],"fullName":"White-Box Unit Testing - Incident Code Format Generator should handle 3-digit overflow gracefully INC-YYYY-105","invocations":1,"location":null,"numPassingAsserts":1,"retryReasons":[],"startAt":1788708459973,"status":"passed","title":"should handle 3-digit overflow gracefully INC-YYYY-105"}],"endTime":1788708459993,"message":"","name":"C:\\Users\\Tristan Zane\\OneDrive\\Desktop\\CAPSTONE\\backend\\src\\utils\\incidentCode.test.js","startTime":1788708459241,"status":"passed","summary":""},{"assertionResults":[{"ancestorTitles":["White-Box Unit Testing - System Audit Logging Controller"],"duration":49,"failing":false,"failureDetails":[],"failureMessages":[],"fullName":"White-Box Unit Testing - System Audit Logging Controller logAuditEvent: should handle missing parameter gracefully","invocations":1,"location":null,"numPassingAsserts":1,"retryReasons":[],"startAt":1788708459949,"status":"passed","title":"logAuditEvent: should handle missing parameter gracefully"},{"ancestorTitles":["White-Box Unit Testing - System Audit Logging Controller"],"duration":2,"failing":false,"failureDetails":[],"failureMessages":[],"fullName":"White-Box Unit Testing - System Audit Logging Controller listAuditLogs: should format paginated audit logs cleanly with 200 OK","invocations":1,"location":null,"numPassingAsserts":3,"retryReasons":[],"startAt":1788708459999,"status":"passed","title":"listAuditLogs: should format paginated audit logs cleanly with 200 OK"},{"ancestorTitles":["White-Box Unit Testing - System Audit Logging Controller"],"duration":3,"failing":false,"failureDetails":[],"failureMessages":[],"fullName":"White-Box Unit Testing - System Audit Logging Controller listDistinctActions: should map distinct audit action strings into array","invocations":1,"location":null,"numPassingAsserts":3,"retryReasons":[],"startAt":1788708460001,"status":"passed","title":"listDistinctActions: should map distinct audit action strings into array"}],"endTime":1788708460008,"message":"","name":"C:\\Users\\Tristan Zane\\OneDrive\\Desktop\\CAPSTONE\\backend\\src\\controllers\\auditController.test.js","startTime":1788708457576,"status":"passed","summary":""},{"assertionResults":[{"ancestorTitles":["White-Box Unit Testing - Barangay Management Controller"],"duration":20,"failing":false,"failureDetails":[],"failureMessages":[],"fullName":"White-Box Unit Testing - Barangay Management Controller getAll: should calculate pagination accurately for page 1 and limit 10","invocations":1,"location":null,"numPassingAsserts":2,"retryReasons":[],"startAt":1788708460002,"status":"passed","title":"getAll: should calculate pagination accurately for page 1 and limit 10"},{"ancestorTitles":["White-Box Unit Testing - Barangay Management Controller"],"duration":2,"failing":false,"failureDetails":[],"failureMessages":[],"fullName":"White-Box Unit Testing - Barangay Management Controller getById: should return 404 error when barangay record is not found","invocations":1,"location":null,"numPassingAsserts":2,"retryReasons":[],"startAt":1788708460023,"status":"passed","title":"getById: should return 404 error when barangay record is not found"},{"ancestorTitles":["White-Box Unit Testing - Barangay Management Controller"],"duration":14,"failing":false,"failureDetails":[],"failureMessages":[],"fullName":"White-Box Unit Testing - Barangay Management Controller create: should return 201 Created upon successful creation of barangay","invocations":1,"location":null,"numPassingAsserts":2,"retryReasons":[],"startAt":1788708460025,"status":"passed","title":"create: should return 201 Created upon successful creation of barangay"},{"ancestorTitles":["White-Box Unit Testing - Barangay Management Controller"],"duration":2,"failing":false,"failureDetails":[],"failureMessages":[],"fullName":"White-Box Unit Testing - Barangay Management Controller update: should modify barangay boundary geojson data successfully","invocations":1,"location":null,"numPassingAsserts":2,"retryReasons":[],"startAt":1788708460039,"status":"passed","title":"update: should modify barangay boundary geojson data successfully"},{"ancestorTitles":["White-Box Unit Testing - Barangay Management Controller"],"duration":2,"failing":false,"failureDetails":[],"failureMessages":[],"fullName":"White-Box Unit Testing - Barangay Management Controller deleteItem: should remove barangay and return deletion response message","invocations":1,"location":null,"numPassingAsserts":1,"retryReasons":[],"startAt":1788708460041,"status":"passed","title":"deleteItem: should remove barangay and return deletion response message"}],"endTime":1788708460050,"message":"","name":"C:\\Users\\Tristan Zane\\OneDrive\\Desktop\\CAPSTONE\\backend\\src\\controllers\\barangayController.test.js","startTime":1788708457602,"status":"passed","summary":""},{"assertionResults":[{"ancestorTitles":["White-Box Unit Testing - Pagination Utility"],"duration":6,"failing":false,"failureDetails":[],"failureMessages":[],"fullName":"White-Box Unit Testing - Pagination Utility should return default page 1, limit 10, skip 0 when query is empty","invocations":1,"location":null,"numPassingAsserts":3,"retryReasons":[],"startAt":1788708460037,"status":"passed","title":"should return default page 1, limit 10, skip 0 when query is empty"},{"ancestorTitles":["White-Box Unit Testing - Pagination Utility"],"duration":3,"failing":false,"failureDetails":[],"failureMessages":[],"fullName":"White-Box Unit Testing - Pagination Utility should calculate skip accurately for page 3 with limit 15","invocations":1,"location":null,"numPassingAsserts":3,"retryReasons":[],"startAt":1788708460045,"status":"passed","title":"should calculate skip accurately for page 3 with limit 15"},{"ancestorTitles":["White-Box Unit Testing - Pagination Utility"],"duration":2,"failing":false,"failureDetails":[],"failureMessages":[],"fullName":"White-Box Unit Testing - Pagination Utility should enforce minimum page 1 when page is zero or negative","invocations":1,"location":null,"numPassingAsserts":2,"retryReasons":[],"startAt":1788708460050,"status":"passed","title":"should enforce minimum page 1 when page is zero or negative"},{"ancestorTitles":["White-Box Unit Testing - Pagination Utility"],"duration":0,"failing":false,"failureDetails":[],"failureMessages":[],"fullName":"White-Box Unit Testing - Pagination Utility should cap limit to 100 when query requests 500 items","invocations":1,"location":null,"numPassingAsserts":1,"retryReasons":[],"startAt":1788708460053,"status":"passed","title":"should cap limit to 100 when query requests 500 items"},{"ancestorTitles":["White-Box Unit Testing - Pagination Utility"],"duration":1,"failing":false,"failureDetails":[],"failureMessages":[],"fullName":"White-Box Unit Testing - Pagination Utility should calculate total pages correctly in metadata","invocations":1,"location":null,"numPassingAsserts":4,"retryReasons":[],"startAt":1788708460054,"status":"passed","title":"should calculate total pages correctly in metadata"}],"endTime":1788708460058,"message":"","name":"C:\\Users\\Tristan Zane\\OneDrive\\Desktop\\CAPSTONE\\backend\\src\\utils\\pagination.test.js","startTime":1788708459535,"status":"passed","summary":""},{"assertionResults":[{"ancestorTitles":["White-Box Unit Testing - JWT Token Generation Utility"],"duration":26,"failing":false,"failureDetails":[],"failureMessages":[],"fullName":"White-Box Unit Testing - JWT Token Generation Utility should generate valid JWT token with citizen user payload","invocations":1,"location":null,"numPassingAsserts":6,"retryReasons":[],"startAt":1788708460088,"status":"passed","title":"should generate valid JWT token with citizen user payload"},{"ancestorTitles":["White-Box Unit Testing - JWT Token Generation Utility"],"duration":5,"failing":false,"failureDetails":[],"failureMessages":[],"fullName":"White-Box Unit Testing - JWT Token Generation Utility should generate valid JWT token with responder user unit payload","invocations":1,"location":null,"numPassingAsserts":3,"retryReasons":[],"startAt":1788708460115,"status":"passed","title":"should generate valid JWT token with responder user unit payload"},{"ancestorTitles":["White-Box Unit Testing - JWT Token Generation Utility"],"duration":3,"failing":false,"failureDetails":[],"failureMessages":[],"fullName":"White-Box Unit Testing - JWT Token Generation Utility should handle missing optional fields cleanly in token payload","invocations":1,"location":null,"numPassingAsserts":2,"retryReasons":[],"startAt":1788708460122,"status":"passed","title":"should handle missing optional fields cleanly in token payload"}],"endTime":1788708460128,"message":"","name":"C:\\Users\\Tristan Zane\\OneDrive\\Desktop\\CAPSTONE\\backend\\src\\utils\\generateToken.test.js","startTime":1788708459357,"status":"passed","summary":""},{"assertionResults":[{"ancestorTitles":["White-Box Unit Testing - Role-Based Access Control (RBAC) Middleware"],"duration":4,"failing":false,"failureDetails":[],"failureMessages":[],"fullName":"White-Box Unit Testing - Role-Based Access Control (RBAC) Middleware should return 401 error if req.user is undefined","invocations":1,"location":null,"numPassingAsserts":4,"retryReasons":[],"startAt":1788708460326,"status":"passed","title":"should return 401 error if req.user is undefined"},{"ancestorTitles":["White-Box Unit Testing - Role-Based Access Control (RBAC) Middleware"],"duration":2,"failing":false,"failureDetails":[],"failureMessages":[],"fullName":"White-Box Unit Testing - Role-Based Access Control (RBAC) Middleware should return 403 error if user role does not match required role","invocations":1,"location":null,"numPassingAsserts":4,"retryReasons":[],"startAt":1788708460331,"status":"passed","title":"should return 403 error if user role does not match required role"},{"ancestorTitles":["White-Box Unit Testing - Role-Based Access Control (RBAC) Middleware"],"duration":1,"failing":false,"failureDetails":[],"failureMessages":[],"fullName":"White-Box Unit Testing - Role-Based Access Control (RBAC) Middleware should call next() if user possesses ADMIN role","invocations":1,"location":null,"numPassingAsserts":1,"retryReasons":[],"startAt":1788708460333,"status":"passed","title":"should call next() if user possesses ADMIN role"},{"ancestorTitles":["White-Box Unit Testing - Role-Based Access Control (RBAC) Middleware"],"duration":0,"failing":false,"failureDetails":[],"failureMessages":[],"fullName":"White-Box Unit Testing - Role-Based Access Control (RBAC) Middleware should call next() if user possesses RESPONSE_UNIT role","invocations":1,"location":null,"numPassingAsserts":1,"retryReasons":[],"startAt":1788708460335,"status":"passed","title":"should call next() if user possesses RESPONSE_UNIT role"},{"ancestorTitles":["White-Box Unit Testing - Role-Based Access Control (RBAC) Middleware"],"duration":0,"failing":false,"failureDetails":[],"failureMessages":[],"fullName":"White-Box Unit Testing - Role-Based Access Control (RBAC) Middleware should call next() if user possesses REPORTER role","invocations":1,"location":null,"numPassingAsserts":1,"retryReasons":[],"startAt":1788708460336,"status":"passed","title":"should call next() if user possesses REPORTER role"}],"endTime":1788708460338,"message":"","name":"C:\\Users\\Tristan Zane\\OneDrive\\Desktop\\CAPSTONE\\backend\\src\\middleware\\roleMiddleware.test.js","startTime":1788708460056,"status":"passed","summary":""},{"assertionResults":[{"ancestorTitles":["White-Box Unit Testing - API Response Helper Utility"],"duration":5,"failing":false,"failureDetails":[],"failureMessages":[],"fullName":"White-Box Unit Testing - API Response Helper Utility should format default success response correctly","invocations":1,"location":null,"numPassingAsserts":3,"retryReasons":[],"startAt":1788708460346,"status":"passed","title":"should format default success response correctly"},{"ancestorTitles":["White-Box Unit Testing - API Response Helper Utility"],"duration":2,"failing":false,"failureDetails":[],"failureMessages":[],"fullName":"White-Box Unit Testing - API Response Helper Utility should format custom payload success response accurately","invocations":1,"location":null,"numPassingAsserts":3,"retryReasons":[],"startAt":1788708460352,"status":"passed","title":"should format custom payload success response accurately"},{"ancestorTitles":["White-Box Unit Testing - API Response Helper Utility"],"duration":1,"failing":false,"failureDetails":[],"failureMessages":[],"fullName":"White-Box Unit Testing - API Response Helper Utility should format default error response correctly","invocations":1,"location":null,"numPassingAsserts":3,"retryReasons":[],"startAt":1788708460354,"status":"passed","title":"should format default error response correctly"},{"ancestorTitles":["White-Box Unit Testing - API Response Helper Utility"],"duration":1,"failing":false,"failureDetails":[],"failureMessages":[],"fullName":"White-Box Unit Testing - API Response Helper Utility should format custom error response with error payload","invocations":1,"location":null,"numPassingAsserts":3,"retryReasons":[],"startAt":1788708460356,"status":"passed","title":"should format custom error response with error payload"}],"endTime":1788708460359,"message":"","name":"C:\\Users\\Tristan Zane\\OneDrive\\Desktop\\CAPSTONE\\backend\\src\\utils\\apiResponse.test.js","startTime":1788708460085,"status":"passed","summary":""},{"assertionResults":[{"ancestorTitles":["White-Box Unit Testing - Encryption Utility"],"duration":8,"failing":false,"failureDetails":[],"failureMessages":[],"fullName":"White-Box Unit Testing - Encryption Utility should successfully encrypt plain text sensitive data","invocations":1,"location":null,"numPassingAsserts":3,"retryReasons":[],"startAt":1788708460317,"status":"passed","title":"should successfully encrypt plain text sensitive data"},{"ancestorTitles":["White-Box Unit Testing - Encryption Utility"],"duration":2,"failing":false,"failureDetails":[],"failureMessages":[],"fullName":"White-Box Unit Testing - Encryption Utility should successfully decrypt encrypted text back to original string","invocations":1,"location":null,"numPassingAsserts":1,"retryReasons":[],"startAt":1788708460326,"status":"passed","title":"should successfully decrypt encrypted text back to original string"},{"ancestorTitles":["White-Box Unit Testing - Encryption Utility"],"duration":29,"failing":false,"failureDetails":[],"failureMessages":[],"fullName":"White-Box Unit Testing - Encryption Utility should return null when trying to decrypt invalid format text","invocations":1,"location":null,"numPassingAsserts":1,"retryReasons":[],"startAt":1788708460328,"status":"passed","title":"should return null when trying to decrypt invalid format text"}],"endTime":1788708460359,"message":"","name":"C:\\Users\\Tristan Zane\\OneDrive\\Desktop\\CAPSTONE\\backend\\src\\utils\\encryptionUtil.test.js","startTime":1788708460032,"status":"passed","summary":""},{"assertionResults":[{"ancestorTitles":["White-Box Unit Testing - Incident Management & Dispatch Controller"],"duration":2397,"failing":false,"failureDetails":[],"failureMessages":[],"fullName":"White-Box Unit Testing - Incident Management & Dispatch Controller createIncident: should reject reporting outside NIR coverage area (e.g. Manila location)","invocations":1,"location":null,"numPassingAsserts":3,"retryReasons":[],"startAt":1788708460910,"status":"passed","title":"createIncident: should reject reporting outside NIR coverage area (e.g. Manila location)"},{"ancestorTitles":["White-Box Unit Testing - Incident Management & Dispatch Controller"],"duration":1,"failing":false,"failureDetails":[],"failureMessages":[],"fullName":"White-Box Unit Testing - Incident Management & Dispatch Controller getIncidents: should format paginated incident query response accurately","invocations":1,"location":null,"numPassingAsserts":3,"retryReasons":[],"startAt":1788708463308,"status":"passed","title":"getIncidents: should format paginated incident query response accurately"},{"ancestorTitles":["White-Box Unit Testing - Incident Management & Dispatch Controller"],"duration":0,"failing":false,"failureDetails":[],"failureMessages":[],"fullName":"White-Box Unit Testing - Incident Management & Dispatch Controller getIncidentById: should return 404 when incident ID does not exist","invocations":1,"location":null,"numPassingAsserts":2,"retryReasons":[],"startAt":1788708463310,"status":"passed","title":"getIncidentById: should return 404 when incident ID does not exist"},{"ancestorTitles":["White-Box Unit Testing - Incident Management & Dispatch Controller"],"duration":2,"failing":false,"failureDetails":[],"failureMessages":[],"fullName":"White-Box Unit Testing - Incident Management & Dispatch Controller verifyIncident: should block non-ADMIN users from verifying reports with 403 Forbidden","invocations":1,"location":null,"numPassingAsserts":2,"retryReasons":[],"startAt":1788708463310,"status":"passed","title":"verifyIncident: should block non-ADMIN users from verifying reports with 403 Forbidden"},{"ancestorTitles":["White-Box Unit Testing - Incident Management & Dispatch Controller"],"duration":0,"failing":false,"failureDetails":[],"failureMessages":[],"fullName":"White-Box Unit Testing - Incident Management & Dispatch Controller verifyIncident: should reject invalid verification actions with 400 Bad Request","invocations":1,"location":null,"numPassingAsserts":2,"retryReasons":[],"startAt":1788708463312,"status":"passed","title":"verifyIncident: should reject invalid verification actions with 400 Bad Request"},{"ancestorTitles":["White-Box Unit Testing - Incident Management & Dispatch Controller"],"duration":1,"failing":false,"failureDetails":[],"failureMessages":[],"fullName":"White-Box Unit Testing - Incident Management & Dispatch Controller editIncident: should block non-ADMIN users from editing incidents with 403 Forbidden","invocations":1,"location":null,"numPassingAsserts":2,"retryReasons":[],"startAt":1788708463312,"status":"passed","title":"editIncident: should block non-ADMIN users from editing incidents with 403 Forbidden"},{"ancestorTitles":["White-Box Unit Testing - Incident Management & Dispatch Controller"],"duration":0,"failing":false,"failureDetails":[],"failureMessages":[],"fullName":"White-Box Unit Testing - Incident Management & Dispatch Controller updateIncidentStatus: should update incident status to RESPONDING and return updated record","invocations":1,"location":null,"numPassingAsserts":2,"retryReasons":[],"startAt":1788708463313,"status":"passed","title":"updateIncidentStatus: should update incident status to RESPONDING and return updated record"}],"endTime":1788708463315,"message":"","name":"C:\\Users\\Tristan Zane\\OneDrive\\Desktop\\CAPSTONE\\backend\\src\\controllers\\incidentController.test.js","startTime":1788708457574,"status":"passed","summary":""}],"wasInterrupted":false,"coverageMap":{"C:\\Users\\Tristan Zane\\OneDrive\\Desktop\\CAPSTONE\\backend\\src\\utils\\apiResponse.js":{"path":"C:\\Users\\Tristan Zane\\OneDrive\\Desktop\\CAPSTONE\\backend\\src\\utils\\apiResponse.js","statementMap":{"0":{"start":{"line":1,"column":23},"end":{"line":5,"column":2}},"1":{"start":{"line":1,"column":71},"end":{"line":5,"column":1}},"2":{"start":{"line":7,"column":21},"end":{"line":11,"column":2}},"3":{"start":{"line":7,"column":88},"end":{"line":11,"column":1}}},"fnMap":{"0":{"name":"(anonymous_0)","decl":{"start":{"line":1,"column":23},"end":{"line":1,"column":24}},"loc":{"start":{"line":1,"column":71},"end":{"line":5,"column":1}},"line":1},"1":{"name":"(anonymous_1)","decl":{"start":{"line":7,"column":21},"end":{"line":7,"column":22}},"loc":{"start":{"line":7,"column":88},"end":{"line":11,"column":1}},"line":7}},"branchMap":{"0":{"loc":{"start":{"line":1,"column":24},"end":{"line":1,"column":65}},"type":"default-arg","locations":[{"start":{"line":1,"column":63},"end":{"line":1,"column":65}}],"line":1},"1":{"loc":{"start":{"line":1,"column":26},"end":{"line":1,"column":37}},"type":"default-arg","locations":[{"start":{"line":1,"column":33},"end":{"line":1,"column":37}}],"line":1},"2":{"loc":{"start":{"line":1,"column":39},"end":{"line":1,"column":58}},"type":"default-arg","locations":[{"start":{"line":1,"column":49},"end":{"line":1,"column":58}}],"line":1},"3":{"loc":{"start":{"line":7,"column":22},"end":{"line":7,"column":82}},"type":"default-arg","locations":[{"start":{"line":7,"column":80},"end":{"line":7,"column":82}}],"line":7},"4":{"loc":{"start":{"line":7,"column":31},"end":{"line":7,"column":47}},"type":"default-arg","locations":[{"start":{"line":7,"column":43},"end":{"line":7,"column":47}}],"line":7},"5":{"loc":{"start":{"line":7,"column":49},"end":{"line":7,"column":75}},"type":"default-arg","locations":[{"start":{"line":7,"column":59},"end":{"line":7,"column":75}}],"line":7}},"s":{"0":5,"1":2,"2":5,"3":7},"f":{"0":2,"1":7},"b":{"0":[1],"1":[1],"2":[1],"3":[1],"4":[6],"5":[1]},"_coverageSchema":"1a1c01bbd47fc00a2c39e90264f33305004495a9","hash":"aed8cebf54f04de199dd70c3946f3f090cff096c"},"C:\\Users\\Tristan Zane\\OneDrive\\Desktop\\CAPSTONE\\backend\\src\\middleware\\authMiddleware.js":{"path":"C:\\Users\\Tristan Zane\\OneDrive\\Desktop\\CAPSTONE\\backend\\src\\middleware\\authMiddleware.js","statementMap":{"0":{"start":{"line":4,"column":20},"end":{"line":19,"column":1}},"1":{"start":{"line":5,"column":20},"end":{"line":5,"column":45}},"2":{"start":{"line":6,"column":1},"end":{"line":8,"column":2}},"3":{"start":{"line":7,"column":2},"end":{"line":7,"column":93}},"4":{"start":{"line":10,"column":15},"end":{"line":10,"column":39}},"5":{"start":{"line":12,"column":1},"end":{"line":18,"column":2}},"6":{"start":{"line":13,"column":18},"end":{"line":13,"column":59}},"7":{"start":{"line":14,"column":2},"end":{"line":14,"column":21}},"8":{"start":{"line":15,"column":2},"end":{"line":15,"column":16}},"9":{"start":{"line":17,"column":2},"end":{"line":17,"column":78}}},"fnMap":{"0":{"name":"(anonymous_0)","decl":{"start":{"line":4,"column":20},"end":{"line":4,"column":21}},"loc":{"start":{"line":4,"column":40},"end":{"line":19,"column":1}},"line":4}},"branchMap":{"0":{"loc":{"start":{"line":6,"column":1},"end":{"line":8,"column":2}},"type":"if","locations":[{"start":{"line":6,"column":1},"end":{"line":8,"column":2}},{"start":{},"end":{}}],"line":6},"1":{"loc":{"start":{"line":6,"column":5},"end":{"line":6,"column":53}},"type":"binary-expr","locations":[{"start":{"line":6,"column":5},"end":{"line":6,"column":16}},{"start":{"line":6,"column":20},"end":{"line":6,"column":53}}],"line":6}},"s":{"0":1,"1":4,"2":4,"3":2,"4":2,"5":2,"6":2,"7":1,"8":1,"9":1},"f":{"0":4},"b":{"0":[2,2],"1":[4,3]},"_coverageSchema":"1a1c01bbd47fc00a2c39e90264f33305004495a9","hash":"07e35989f29cd366a36435a233044d98f92139a8"},"C:\\Users\\Tristan Zane\\OneDrive\\Desktop\\CAPSTONE\\backend\\src\\config\\index.js":{"path":"C:\\Users\\Tristan Zane\\OneDrive\\Desktop\\CAPSTONE\\backend\\src\\config\\index.js","statementMap":{"0":{"start":{"line":3,"column":0},"end":{"line":3,"column":16}},"1":{"start":{"line":5,"column":22},"end":{"line":31,"column":1}}},"fnMap":{},"branchMap":{"0":{"loc":{"start":{"line":6,"column":8},"end":{"line":6,"column":32}},"type":"binary-expr","locations":[{"start":{"line":6,"column":8},"end":{"line":6,"column":24}},{"start":{"line":6,"column":28},"end":{"line":6,"column":32}}],"line":6},"1":{"loc":{"start":{"line":7,"column":11},"end":{"line":7,"column":48}},"type":"binary-expr","locations":[{"start":{"line":7,"column":11},"end":{"line":7,"column":31}},{"start":{"line":7,"column":35},"end":{"line":7,"column":48}}],"line":7},"2":{"loc":{"start":{"line":10,"column":12},"end":{"line":10,"column":59}},"type":"binary-expr","locations":[{"start":{"line":10,"column":12},"end":{"line":10,"column":34}},{"start":{"line":10,"column":38},"end":{"line":10,"column":59}}],"line":10},"3":{"loc":{"start":{"line":11,"column":15},"end":{"line":11,"column":49}},"type":"binary-expr","locations":[{"start":{"line":11,"column":15},"end":{"line":11,"column":41}},{"start":{"line":11,"column":45},"end":{"line":11,"column":49}}],"line":11},"4":{"loc":{"start":{"line":22,"column":19},"end":{"line":22,"column":50}},"type":"binary-expr","locations":[{"start":{"line":22,"column":19},"end":{"line":22,"column":41}},{"start":{"line":22,"column":45},"end":{"line":22,"column":50}}],"line":22},"5":{"loc":{"start":{"line":29,"column":12},"end":{"line":29,"column":63}},"type":"binary-expr","locations":[{"start":{"line":29,"column":12},"end":{"line":29,"column":36}},{"start":{"line":29,"column":40},"end":{"line":29,"column":63}}],"line":29}},"s":{"0":2,"1":2},"f":{},"b":{"0":[2,0],"1":[2,0],"2":[2,0],"3":[2,0],"4":[2,0],"5":[2,2]},"_coverageSchema":"1a1c01bbd47fc00a2c39e90264f33305004495a9","hash":"51c14cc6a7a035c3010ece013902d82f6f1e91af"},"C:\\Users\\Tristan Zane\\OneDrive\\Desktop\\CAPSTONE\\backend\\src\\utils\\supabaseClient.js":{"path":"C:\\Users\\Tristan Zane\\OneDrive\\Desktop\\CAPSTONE\\backend\\src\\utils\\supabaseClient.js","statementMap":{"0":{"start":{"line":5,"column":20},"end":{"line":5,"column":39}},"1":{"start":{"line":6,"column":20},"end":{"line":6,"column":73}},"2":{"start":{"line":8,"column":24},"end":{"line":8,"column":62}},"3":{"start":{"line":17,"column":27},"end":{"line":39,"column":1}},"4":{"start":{"line":18,"column":2},"end":{"line":38,"column":3}},"5":{"start":{"line":19,"column":40},"end":{"line":24,"column":8}},"6":{"start":{"line":26,"column":4},"end":{"line":28,"column":5}},"7":{"start":{"line":27,"column":6},"end":{"line":27,"column":66}},"8":{"start":{"line":30,"column":21},"end":{"line":32,"column":36}},"9":{"start":{"line":34,"column":4},"end":{"line":34,"column":26}},"10":{"start":{"line":36,"column":4},"end":{"line":36,"column":51}},"11":{"start":{"line":37,"column":4},"end":{"line":37,"column":58}},"12":{"start":{"line":45,"column":27},"end":{"line":58,"column":1}},"13":{"start":{"line":46,"column":2},"end":{"line":57,"column":3}},"14":{"start":{"line":47,"column":22},"end":{"line":49,"column":21}},"15":{"start":{"line":51,"column":4},"end":{"line":53,"column":5}},"16":{"start":{"line":52,"column":6},"end":{"line":52,"column":66}},"17":{"start":{"line":55,"column":4},"end":{"line":55,"column":51}},"18":{"start":{"line":56,"column":4},"end":{"line":56,"column":60}},"19":{"start":{"line":65,"column":31},"end":{"line":68,"column":1}},"20":{"start":{"line":66,"column":16},"end":{"line":66,"column":30}},"21":{"start":{"line":67,"column":2},"end":{"line":67,"column":35}}},"fnMap":{"0":{"name":"(anonymous_0)","decl":{"start":{"line":17,"column":27},"end":{"line":17,"column":28}},"loc":{"start":{"line":17,"column":63},"end":{"line":39,"column":1}},"line":17},"1":{"name":"(anonymous_1)","decl":{"start":{"line":45,"column":27},"end":{"line":45,"column":28}},"loc":{"start":{"line":45,"column":43},"end":{"line":58,"column":1}},"line":45},"2":{"name":"(anonymous_2)","decl":{"start":{"line":65,"column":31},"end":{"line":65,"column":32}},"loc":{"start":{"line":65,"column":40},"end":{"line":68,"column":1}},"line":65}},"branchMap":{"0":{"loc":{"start":{"line":6,"column":20},"end":{"line":6,"column":73}},"type":"binary-expr","locations":[{"start":{"line":6,"column":20},"end":{"line":6,"column":50}},{"start":{"line":6,"column":54},"end":{"line":6,"column":73}}],"line":6},"1":{"loc":{"start":{"line":26,"column":4},"end":{"line":28,"column":5}},"type":"if","locations":[{"start":{"line":26,"column":4},"end":{"line":28,"column":5}},{"start":{},"end":{}}],"line":26},"2":{"loc":{"start":{"line":51,"column":4},"end":{"line":53,"column":5}},"type":"if","locations":[{"start":{"line":51,"column":4},"end":{"line":53,"column":5}},{"start":{},"end":{}}],"line":51}},"s":{"0":2,"1":2,"2":2,"3":2,"4":0,"5":0,"6":0,"7":0,"8":0,"9":0,"10":0,"11":0,"12":2,"13":0,"14":0,"15":0,"16":0,"17":0,"18":0,"19":2,"20":3,"21":3},"f":{"0":0,"1":0,"2":3},"b":{"0":[2,0],"1":[0,0],"2":[0,0]},"_coverageSchema":"1a1c01bbd47fc00a2c39e90264f33305004495a9","hash":"5912976381c4c419659f269ad1537d04c428ca8a"},"C:\\Users\\Tristan Zane\\OneDrive\\Desktop\\CAPSTONE\\backend\\src\\controllers\\uploadController.js":{"path":"C:\\Users\\Tristan Zane\\OneDrive\\Desktop\\CAPSTONE\\backend\\src\\controllers\\uploadController.js","statementMap":{"0":{"start":{"line":5,"column":16},"end":{"line":5,"column":38}},"1":{"start":{"line":7,"column":19},"end":{"line":14,"column":1}},"2":{"start":{"line":9,"column":2},"end":{"line":13,"column":3}},"3":{"start":{"line":10,"column":4},"end":{"line":10,"column":19}},"4":{"start":{"line":12,"column":4},"end":{"line":12,"column":57}},"5":{"start":{"line":16,"column":22},"end":{"line":22,"column":2}},"6":{"start":{"line":28,"column":35},"end":{"line":59,"column":1}},"7":{"start":{"line":29,"column":2},"end":{"line":58,"column":3}},"8":{"start":{"line":30,"column":4},"end":{"line":35,"column":5}},"9":{"start":{"line":31,"column":6},"end":{"line":34,"column":9}},"10":{"start":{"line":38,"column":16},"end":{"line":38,"column":54}},"11":{"start":{"line":39,"column":21},"end":{"line":39,"column":78}},"12":{"start":{"line":42,"column":21},"end":{"line":42,"column":84}},"13":{"start":{"line":44,"column":4},"end":{"line":50,"column":7}},"14":{"start":{"line":52,"column":4},"end":{"line":52,"column":57}},"15":{"start":{"line":53,"column":4},"end":{"line":57,"column":7}}},"fnMap":{"0":{"name":"(anonymous_0)","decl":{"start":{"line":7,"column":19},"end":{"line":7,"column":20}},"loc":{"start":{"line":7,"column":38},"end":{"line":14,"column":1}},"line":7},"1":{"name":"(anonymous_1)","decl":{"start":{"line":28,"column":35},"end":{"line":28,"column":36}},"loc":{"start":{"line":28,"column":55},"end":{"line":59,"column":1}},"line":28}},"branchMap":{"0":{"loc":{"start":{"line":9,"column":2},"end":{"line":13,"column":3}},"type":"if","locations":[{"start":{"line":9,"column":2},"end":{"line":13,"column":3}},{"start":{"line":11,"column":9},"end":{"line":13,"column":3}}],"line":9},"1":{"loc":{"start":{"line":30,"column":4},"end":{"line":35,"column":5}},"type":"if","locations":[{"start":{"line":30,"column":4},"end":{"line":35,"column":5}},{"start":{},"end":{}}],"line":30}},"s":{"0":1,"1":1,"2":0,"3":0,"4":0,"5":1,"6":1,"7":1,"8":1,"9":1,"10":0,"11":0,"12":0,"13":0,"14":0,"15":0},"f":{"0":0,"1":1},"b":{"0":[0,0],"1":[1,0]},"_coverageSchema":"1a1c01bbd47fc00a2c39e90264f33305004495a9","hash":"782f9e8f4cb6f8dd92deadc54579cc9ba17d03ee"},"C:\\Users\\Tristan Zane\\OneDrive\\Desktop\\CAPSTONE\\backend\\src\\services\\cloudinaryService.js":{"path":"C:\\Users\\Tristan Zane\\OneDrive\\Desktop\\CAPSTONE\\backend\\src\\services\\cloudinaryService.js","statementMap":{"0":{"start":{"line":3,"column":0},"end":{"line":7,"column":3}},"1":{"start":{"line":9,"column":40},"end":{"line":14,"column":1}},"2":{"start":{"line":10,"column":2},"end":{"line":10,"column":27}},"3":{"start":{"line":10,"column":15},"end":{"line":10,"column":27}},"4":{"start":{"line":11,"column":17},"end":{"line":11,"column":70}},"5":{"start":{"line":12,"column":17},"end":{"line":12,"column":69}},"6":{"start":{"line":13,"column":2},"end":{"line":13,"column":27}}},"fnMap":{"0":{"name":"(anonymous_0)","decl":{"start":{"line":9,"column":40},"end":{"line":9,"column":41}},"loc":{"start":{"line":9,"column":86},"end":{"line":14,"column":1}},"line":9}},"branchMap":{"0":{"loc":{"start":{"line":9,"column":55},"end":{"line":9,"column":81}},"type":"default-arg","locations":[{"start":{"line":9,"column":64},"end":{"line":9,"column":81}}],"line":9},"1":{"loc":{"start":{"line":10,"column":2},"end":{"line":10,"column":27}},"type":"if","locations":[{"start":{"line":10,"column":2},"end":{"line":10,"column":27}},{"start":{},"end":{}}],"line":10}},"s":{"0":1,"1":1,"2":1,"3":1,"4":0,"5":0,"6":0},"f":{"0":1},"b":{"0":[1],"1":[1,0]},"_coverageSchema":"1a1c01bbd47fc00a2c39e90264f33305004495a9","hash":"c604e36f0e587fc39687e8816240e03402dd92cb"},"C:\\Users\\Tristan Zane\\OneDrive\\Desktop\\CAPSTONE\\backend\\src\\config\\database.js":{"path":"C:\\Users\\Tristan Zane\\OneDrive\\Desktop\\CAPSTONE\\backend\\src\\config\\database.js","statementMap":{"0":{"start":{"line":4,"column":24},"end":{"line":4,"column":34}},"1":{"start":{"line":6,"column":22},"end":{"line":8,"column":2}},"2":{"start":{"line":10,"column":0},"end":{"line":12,"column":1}},"3":{"start":{"line":11,"column":2},"end":{"line":11,"column":34}},"4":{"start":{"line":15,"column":0},"end":{"line":17,"column":3}},"5":{"start":{"line":16,"column":2},"end":{"line":16,"column":29}}},"fnMap":{"0":{"name":"(anonymous_0)","decl":{"start":{"line":15,"column":25},"end":{"line":15,"column":26}},"loc":{"start":{"line":15,"column":37},"end":{"line":17,"column":1}},"line":15}},"branchMap":{"0":{"loc":{"start":{"line":6,"column":22},"end":{"line":8,"column":2}},"type":"binary-expr","locations":[{"start":{"line":6,"column":22},"end":{"line":6,"column":44}},{"start":{"line":6,"column":48},"end":{"line":8,"column":2}}],"line":6},"1":{"loc":{"start":{"line":7,"column":7},"end":{"line":7,"column":77}},"type":"cond-expr","locations":[{"start":{"line":7,"column":48},"end":{"line":7,"column":65}},{"start":{"line":7,"column":68},"end":{"line":7,"column":77}}],"line":7},"2":{"loc":{"start":{"line":10,"column":0},"end":{"line":12,"column":1}},"type":"if","locations":[{"start":{"line":10,"column":0},"end":{"line":12,"column":1}},{"start":{},"end":{}}],"line":10}},"s":{"0":4,"1":4,"2":4,"3":4,"4":4,"5":0},"f":{"0":0},"b":{"0":[4,4],"1":[0,4],"2":[4,0]},"_coverageSchema":"1a1c01bbd47fc00a2c39e90264f33305004495a9","hash":"822a62c20092fde46d40f8a53c3c07f0fa3ea450"},"C:\\Users\\Tristan Zane\\OneDrive\\Desktop\\CAPSTONE\\backend\\src\\utils\\incidentCode.js":{"path":"C:\\Users\\Tristan Zane\\OneDrive\\Desktop\\CAPSTONE\\backend\\src\\utils\\incidentCode.js","statementMap":{"0":{"start":{"line":7,"column":36},"end":{"line":23,"column":1}},"1":{"start":{"line":8,"column":15},"end":{"line":8,"column":39}},"2":{"start":{"line":9,"column":17},"end":{"line":9,"column":31}},"3":{"start":{"line":12,"column":16},"end":{"line":18,"column":4}},"4":{"start":{"line":21,"column":17},"end":{"line":21,"column":56}},"5":{"start":{"line":22,"column":2},"end":{"line":22,"column":30}}},"fnMap":{"0":{"name":"(anonymous_0)","decl":{"start":{"line":7,"column":36},"end":{"line":7,"column":37}},"loc":{"start":{"line":7,"column":48},"end":{"line":23,"column":1}},"line":7}},"branchMap":{},"s":{"0":1,"1":0,"2":0,"3":0,"4":0,"5":0},"f":{"0":0},"b":{},"_coverageSchema":"1a1c01bbd47fc00a2c39e90264f33305004495a9","hash":"a626587ed2ec7c90e222617f40d28724b64e6631"},"C:\\Users\\Tristan Zane\\OneDrive\\Desktop\\CAPSTONE\\backend\\src\\controllers\\auditController.js":{"path":"C:\\Users\\Tristan Zane\\OneDrive\\Desktop\\CAPSTONE\\backend\\src\\controllers\\auditController.js","statementMap":{"0":{"start":{"line":7,"column":29},"end":{"line":15,"column":1}},"1":{"start":{"line":8,"column":1},"end":{"line":14,"column":2}},"2":{"start":{"line":9,"column":2},"end":{"line":11,"column":5}},"3":{"start":{"line":13,"column":2},"end":{"line":13,"column":56}},"4":{"start":{"line":21,"column":29},"end":{"line":51,"column":1}},"5":{"start":{"line":22,"column":1},"end":{"line":50,"column":2}},"6":{"start":{"line":23,"column":62},"end":{"line":23,"column":71}},"7":{"start":{"line":24,"column":15},"end":{"line":24,"column":49}},"8":{"start":{"line":26,"column":16},"end":{"line":26,"column":18}},"9":{"start":{"line":27,"column":2},"end":{"line":27,"column":36}},"10":{"start":{"line":27,"column":14},"end":{"line":27,"column":36}},"11":{"start":{"line":28,"column":2},"end":{"line":28,"column":42}},"12":{"start":{"line":28,"column":16},"end":{"line":28,"column":42}},"13":{"start":{"line":29,"column":2},"end":{"line":29,"column":39}},"14":{"start":{"line":29,"column":15},"end":{"line":29,"column":39}},"15":{"start":{"line":31,"column":24},"end":{"line":42,"column":4}},"16":{"start":{"line":44,"column":2},"end":{"line":47,"column":6}},"17":{"start":{"line":49,"column":2},"end":{"line":49,"column":63}},"18":{"start":{"line":57,"column":35},"end":{"line":68,"column":1}},"19":{"start":{"line":58,"column":1},"end":{"line":67,"column":2}},"20":{"start":{"line":59,"column":18},"end":{"line":63,"column":4}},"21":{"start":{"line":64,"column":2},"end":{"line":64,"column":77}},"22":{"start":{"line":64,"column":63},"end":{"line":64,"column":71}},"23":{"start":{"line":66,"column":2},"end":{"line":66,"column":63}}},"fnMap":{"0":{"name":"(anonymous_0)","decl":{"start":{"line":7,"column":29},"end":{"line":7,"column":30}},"loc":{"start":{"line":7,"column":125},"end":{"line":15,"column":1}},"line":7},"1":{"name":"(anonymous_1)","decl":{"start":{"line":21,"column":29},"end":{"line":21,"column":30}},"loc":{"start":{"line":21,"column":49},"end":{"line":51,"column":1}},"line":21},"2":{"name":"(anonymous_2)","decl":{"start":{"line":57,"column":35},"end":{"line":57,"column":36}},"loc":{"start":{"line":57,"column":56},"end":{"line":68,"column":1}},"line":57},"3":{"name":"(anonymous_3)","decl":{"start":{"line":64,"column":58},"end":{"line":64,"column":59}},"loc":{"start":{"line":64,"column":63},"end":{"line":64,"column":71}},"line":64}},"branchMap":{"0":{"loc":{"start":{"line":7,"column":65},"end":{"line":7,"column":83}},"type":"default-arg","locations":[{"start":{"line":7,"column":79},"end":{"line":7,"column":83}}],"line":7},"1":{"loc":{"start":{"line":7,"column":85},"end":{"line":7,"column":99}},"type":"default-arg","locations":[{"start":{"line":7,"column":95},"end":{"line":7,"column":99}}],"line":7},"2":{"loc":{"start":{"line":7,"column":101},"end":{"line":7,"column":118}},"type":"default-arg","locations":[{"start":{"line":7,"column":114},"end":{"line":7,"column":118}}],"line":7},"3":{"loc":{"start":{"line":23,"column":10},"end":{"line":23,"column":18}},"type":"default-arg","locations":[{"start":{"line":23,"column":17},"end":{"line":23,"column":18}}],"line":23},"4":{"loc":{"start":{"line":23,"column":20},"end":{"line":23,"column":30}},"type":"default-arg","locations":[{"start":{"line":23,"column":28},"end":{"line":23,"column":30}}],"line":23},"5":{"loc":{"start":{"line":27,"column":2},"end":{"line":27,"column":36}},"type":"if","locations":[{"start":{"line":27,"column":2},"end":{"line":27,"column":36}},{"start":{},"end":{}}],"line":27},"6":{"loc":{"start":{"line":28,"column":2},"end":{"line":28,"column":42}},"type":"if","locations":[{"start":{"line":28,"column":2},"end":{"line":28,"column":42}},{"start":{},"end":{}}],"line":28},"7":{"loc":{"start":{"line":29,"column":2},"end":{"line":29,"column":39}},"type":"if","locations":[{"start":{"line":29,"column":2},"end":{"line":29,"column":39}},{"start":{},"end":{}}],"line":29}},"s":{"0":2,"1":0,"2":0,"3":0,"4":2,"5":0,"6":0,"7":0,"8":0,"9":0,"10":0,"11":0,"12":0,"13":0,"14":0,"15":0,"16":0,"17":0,"18":2,"19":0,"20":0,"21":0,"22":0,"23":0},"f":{"0":0,"1":0,"2":0,"3":0},"b":{"0":[0],"1":[0],"2":[0],"3":[0],"4":[0],"5":[0,0],"6":[0,0],"7":[0,0]},"_coverageSchema":"1a1c01bbd47fc00a2c39e90264f33305004495a9","hash":"a86cd711b9e00361a5eda0d7e9e7d8e0c9b87c6f"},"C:\\Users\\Tristan Zane\\OneDrive\\Desktop\\CAPSTONE\\backend\\socket.js":{"path":"C:\\Users\\Tristan Zane\\OneDrive\\Desktop\\CAPSTONE\\backend\\socket.js","statementMap":{"0":{"start":{"line":5,"column":26},"end":{"line":58,"column":1}},"1":{"start":{"line":6,"column":1},"end":{"line":14,"column":4}},"2":{"start":{"line":10,"column":4},"end":{"line":10,"column":32}},"3":{"start":{"line":16,"column":1},"end":{"line":55,"column":4}},"4":{"start":{"line":17,"column":2},"end":{"line":17,"column":57}},"5":{"start":{"line":19,"column":2},"end":{"line":22,"column":5}},"6":{"start":{"line":20,"column":3},"end":{"line":20,"column":24}},"7":{"start":{"line":21,"column":3},"end":{"line":21,"column":58}},"8":{"start":{"line":24,"column":2},"end":{"line":29,"column":5}},"9":{"start":{"line":25,"column":3},"end":{"line":28,"column":4}},"10":{"start":{"line":26,"column":4},"end":{"line":26,"column":34}},"11":{"start":{"line":27,"column":4},"end":{"line":27,"column":63}},"12":{"start":{"line":31,"column":2},"end":{"line":36,"column":5}},"13":{"start":{"line":32,"column":3},"end":{"line":35,"column":4}},"14":{"start":{"line":33,"column":4},"end":{"line":33,"column":38}},"15":{"start":{"line":34,"column":4},"end":{"line":34,"column":67}},"16":{"start":{"line":39,"column":2},"end":{"line":42,"column":5}},"17":{"start":{"line":40,"column":3},"end":{"line":40,"column":27}},"18":{"start":{"line":41,"column":3},"end":{"line":41,"column":61}},"19":{"start":{"line":44,"column":2},"end":{"line":50,"column":5}},"20":{"start":{"line":45,"column":3},"end":{"line":49,"column":4}},"21":{"start":{"line":46,"column":17},"end":{"line":46,"column":61}},"22":{"start":{"line":47,"column":4},"end":{"line":47,"column":22}},"23":{"start":{"line":48,"column":4},"end":{"line":48,"column":56}},"24":{"start":{"line":52,"column":2},"end":{"line":54,"column":5}},"25":{"start":{"line":53,"column":3},"end":{"line":53,"column":73}},"26":{"start":{"line":57,"column":1},"end":{"line":57,"column":11}},"27":{"start":{"line":60,"column":21},"end":{"line":65,"column":1}},"28":{"start":{"line":61,"column":1},"end":{"line":63,"column":2}},"29":{"start":{"line":62,"column":2},"end":{"line":62,"column":47}},"30":{"start":{"line":64,"column":1},"end":{"line":64,"column":11}},"31":{"start":{"line":67,"column":28},"end":{"line":80,"column":1}},"32":{"start":{"line":68,"column":27},"end":{"line":68,"column":76}},"33":{"start":{"line":69,"column":40},"end":{"line":69,"column":103}},"34":{"start":{"line":71,"column":2},"end":{"line":71,"column":56}},"35":{"start":{"line":72,"column":2},"end":{"line":72,"column":59}},"36":{"start":{"line":73,"column":2},"end":{"line":75,"column":3}},"37":{"start":{"line":74,"column":3},"end":{"line":74,"column":74}},"38":{"start":{"line":77,"column":37},"end":{"line":77,"column":97}},"39":{"start":{"line":78,"column":29},"end":{"line":78,"column":80}},"40":{"start":{"line":79,"column":52},"end":{"line":79,"column":106}}},"fnMap":{"0":{"name":"(anonymous_0)","decl":{"start":{"line":5,"column":26},"end":{"line":5,"column":27}},"loc":{"start":{"line":5,"column":38},"end":{"line":58,"column":1}},"line":5},"1":{"name":"(anonymous_1)","decl":{"start":{"line":8,"column":11},"end":{"line":8,"column":12}},"loc":{"start":{"line":8,"column":33},"end":{"line":11,"column":4}},"line":8},"2":{"name":"(anonymous_2)","decl":{"start":{"line":16,"column":21},"end":{"line":16,"column":22}},"loc":{"start":{"line":16,"column":33},"end":{"line":55,"column":2}},"line":16},"3":{"name":"(anonymous_3)","decl":{"start":{"line":19,"column":26},"end":{"line":19,"column":27}},"loc":{"start":{"line":19,"column":32},"end":{"line":22,"column":3}},"line":19},"4":{"name":"(anonymous_4)","decl":{"start":{"line":24,"column":25},"end":{"line":24,"column":26}},"loc":{"start":{"line":24,"column":37},"end":{"line":29,"column":3}},"line":24},"5":{"name":"(anonymous_5)","decl":{"start":{"line":31,"column":29},"end":{"line":31,"column":30}},"loc":{"start":{"line":31,"column":41},"end":{"line":36,"column":3}},"line":31},"6":{"name":"(anonymous_6)","decl":{"start":{"line":39,"column":29},"end":{"line":39,"column":30}},"loc":{"start":{"line":39,"column":35},"end":{"line":42,"column":3}},"line":39},"7":{"name":"(anonymous_7)","decl":{"start":{"line":44,"column":33},"end":{"line":44,"column":34}},"loc":{"start":{"line":44,"column":51},"end":{"line":50,"column":3}},"line":44},"8":{"name":"(anonymous_8)","decl":{"start":{"line":52,"column":26},"end":{"line":52,"column":27}},"loc":{"start":{"line":52,"column":38},"end":{"line":54,"column":3}},"line":52},"9":{"name":"(anonymous_9)","decl":{"start":{"line":60,"column":21},"end":{"line":60,"column":22}},"loc":{"start":{"line":60,"column":27},"end":{"line":65,"column":1}},"line":60},"10":{"name":"(anonymous_10)","decl":{"start":{"line":68,"column":14},"end":{"line":68,"column":15}},"loc":{"start":{"line":68,"column":27},"end":{"line":68,"column":76}},"line":68},"11":{"name":"(anonymous_11)","decl":{"start":{"line":69,"column":19},"end":{"line":69,"column":20}},"loc":{"start":{"line":69,"column":40},"end":{"line":69,"column":103}},"line":69},"12":{"name":"(anonymous_12)","decl":{"start":{"line":70,"column":18},"end":{"line":70,"column":19}},"loc":{"start":{"line":70,"column":43},"end":{"line":76,"column":2}},"line":70},"13":{"name":"(anonymous_13)","decl":{"start":{"line":77,"column":16},"end":{"line":77,"column":17}},"loc":{"start":{"line":77,"column":37},"end":{"line":77,"column":97}},"line":77},"14":{"name":"(anonymous_14)","decl":{"start":{"line":78,"column":16},"end":{"line":78,"column":17}},"loc":{"start":{"line":78,"column":29},"end":{"line":78,"column":80}},"line":78},"15":{"name":"(anonymous_15)","decl":{"start":{"line":79,"column":19},"end":{"line":79,"column":20}},"loc":{"start":{"line":79,"column":52},"end":{"line":79,"column":106}},"line":79}},"branchMap":{"0":{"loc":{"start":{"line":25,"column":3},"end":{"line":28,"column":4}},"type":"if","locations":[{"start":{"line":25,"column":3},"end":{"line":28,"column":4}},{"start":{},"end":{}}],"line":25},"1":{"loc":{"start":{"line":32,"column":3},"end":{"line":35,"column":4}},"type":"if","locations":[{"start":{"line":32,"column":3},"end":{"line":35,"column":4}},{"start":{},"end":{}}],"line":32},"2":{"loc":{"start":{"line":45,"column":3},"end":{"line":49,"column":4}},"type":"if","locations":[{"start":{"line":45,"column":3},"end":{"line":49,"column":4}},{"start":{},"end":{}}],"line":45},"3":{"loc":{"start":{"line":61,"column":1},"end":{"line":63,"column":2}},"type":"if","locations":[{"start":{"line":61,"column":1},"end":{"line":63,"column":2}},{"start":{},"end":{}}],"line":61},"4":{"loc":{"start":{"line":73,"column":2},"end":{"line":75,"column":3}},"type":"if","locations":[{"start":{"line":73,"column":2},"end":{"line":75,"column":3}},{"start":{},"end":{}}],"line":73},"5":{"loc":{"start":{"line":79,"column":20},"end":{"line":79,"column":47}},"type":"default-arg","locations":[{"start":{"line":79,"column":30},"end":{"line":79,"column":47}}],"line":79}},"s":{"0":2,"1":0,"2":0,"3":0,"4":0,"5":0,"6":0,"7":0,"8":0,"9":0,"10":0,"11":0,"12":0,"13":0,"14":0,"15":0,"16":0,"17":0,"18":0,"19":0,"20":0,"21":0,"22":0,"23":0,"24":0,"25":0,"26":0,"27":2,"28":0,"29":0,"30":0,"31":2,"32":0,"33":0,"34":0,"35":0,"36":0,"37":0,"38":0,"39":0,"40":0},"f":{"0":0,"1":0,"2":0,"3":0,"4":0,"5":0,"6":0,"7":0,"8":0,"9":0,"10":0,"11":0,"12":0,"13":0,"14":0,"15":0},"b":{"0":[0,0],"1":[0,0],"2":[0,0],"3":[0,0],"4":[0,0],"5":[0]},"_coverageSchema":"1a1c01bbd47fc00a2c39e90264f33305004495a9","hash":"03b1bb674684516d56903b700b15ed11d937421f"},"C:\\Users\\Tristan Zane\\OneDrive\\Desktop\\CAPSTONE\\backend\\src\\services\\socketService.js":{"path":"C:\\Users\\Tristan Zane\\OneDrive\\Desktop\\CAPSTONE\\backend\\src\\services\\socketService.js","statementMap":{"0":{"start":{"line":11,"column":4},"end":{"line":27,"column":5}},"1":{"start":{"line":12,"column":17},"end":{"line":12,"column":24}},"2":{"start":{"line":13,"column":31},"end":{"line":13,"column":46}},"3":{"start":{"line":16,"column":6},"end":{"line":16,"column":60}},"4":{"start":{"line":17,"column":6},"end":{"line":17,"column":48}},"5":{"start":{"line":21,"column":6},"end":{"line":24,"column":7}},"6":{"start":{"line":22,"column":21},"end":{"line":22,"column":83}},"7":{"start":{"line":23,"column":8},"end":{"line":23,"column":59}},"8":{"start":{"line":26,"column":6},"end":{"line":26,"column":67}},"9":{"start":{"line":34,"column":4},"end":{"line":72,"column":5}},"10":{"start":{"line":35,"column":17},"end":{"line":35,"column":24}},"11":{"start":{"line":36,"column":27},"end":{"line":43,"column":7}},"12":{"start":{"line":46,"column":6},"end":{"line":46,"column":67}},"13":{"start":{"line":47,"column":6},"end":{"line":47,"column":55}},"14":{"start":{"line":50,"column":6},"end":{"line":53,"column":7}},"15":{"start":{"line":51,"column":21},"end":{"line":51,"column":88}},"16":{"start":{"line":52,"column":8},"end":{"line":52,"column":66}},"17":{"start":{"line":56,"column":6},"end":{"line":60,"column":7}},"18":{"start":{"line":57,"column":8},"end":{"line":59,"column":11}},"19":{"start":{"line":58,"column":10},"end":{"line":58,"column":86}},"20":{"start":{"line":63,"column":6},"end":{"line":69,"column":7}},"21":{"start":{"line":64,"column":8},"end":{"line":64,"column":100}},"22":{"start":{"line":68,"column":8},"end":{"line":68,"column":66}},"23":{"start":{"line":71,"column":6},"end":{"line":71,"column":76}},"24":{"start":{"line":79,"column":4},"end":{"line":91,"column":5}},"25":{"start":{"line":80,"column":17},"end":{"line":80,"column":24}},"26":{"start":{"line":81,"column":6},"end":{"line":81,"column":59}},"27":{"start":{"line":82,"column":6},"end":{"line":82,"column":50}},"28":{"start":{"line":85,"column":6},"end":{"line":88,"column":7}},"29":{"start":{"line":86,"column":21},"end":{"line":86,"column":88}},"30":{"start":{"line":87,"column":8},"end":{"line":87,"column":49}},"31":{"start":{"line":90,"column":6},"end":{"line":90,"column":66}},"32":{"start":{"line":98,"column":4},"end":{"line":105,"column":5}},"33":{"start":{"line":99,"column":17},"end":{"line":99,"column":24}},"34":{"start":{"line":100,"column":22},"end":{"line":100,"column":75}},"35":{"start":{"line":101,"column":6},"end":{"line":101,"column":60}},"36":{"start":{"line":102,"column":6},"end":{"line":102,"column":63}},"37":{"start":{"line":104,"column":6},"end":{"line":104,"column":74}},"38":{"start":{"line":112,"column":4},"end":{"line":131,"column":5}},"39":{"start":{"line":113,"column":17},"end":{"line":113,"column":24}},"40":{"start":{"line":114,"column":22},"end":{"line":126,"column":7}},"41":{"start":{"line":127,"column":6},"end":{"line":127,"column":69}},"42":{"start":{"line":128,"column":6},"end":{"line":128,"column":57}},"43":{"start":{"line":130,"column":6},"end":{"line":130,"column":84}},"44":{"start":{"line":138,"column":4},"end":{"line":160,"column":5}},"45":{"start":{"line":139,"column":17},"end":{"line":139,"column":24}},"46":{"start":{"line":140,"column":22},"end":{"line":146,"column":7}},"47":{"start":{"line":148,"column":6},"end":{"line":148,"column":44}},"48":{"start":{"line":149,"column":6},"end":{"line":149,"column":62}},"49":{"start":{"line":150,"column":6},"end":{"line":150,"column":50}},"50":{"start":{"line":153,"column":6},"end":{"line":157,"column":7}},"51":{"start":{"line":154,"column":21},"end":{"line":154,"column":83}},"52":{"start":{"line":155,"column":8},"end":{"line":155,"column":51}},"53":{"start":{"line":156,"column":8},"end":{"line":156,"column":61}},"54":{"start":{"line":159,"column":6},"end":{"line":159,"column":72}},"55":{"start":{"line":167,"column":4},"end":{"line":180,"column":5}},"56":{"start":{"line":168,"column":17},"end":{"line":168,"column":24}},"57":{"start":{"line":169,"column":22},"end":{"line":174,"column":7}},"58":{"start":{"line":175,"column":6},"end":{"line":175,"column":44}},"59":{"start":{"line":176,"column":6},"end":{"line":176,"column":62}},"60":{"start":{"line":177,"column":6},"end":{"line":177,"column":50}},"61":{"start":{"line":179,"column":6},"end":{"line":179,"column":72}},"62":{"start":{"line":187,"column":4},"end":{"line":198,"column":5}},"63":{"start":{"line":188,"column":17},"end":{"line":188,"column":24}},"64":{"start":{"line":189,"column":6},"end":{"line":195,"column":7}},"65":{"start":{"line":190,"column":8},"end":{"line":194,"column":11}},"66":{"start":{"line":197,"column":6},"end":{"line":197,"column":73}},"67":{"start":{"line":205,"column":4},"end":{"line":210,"column":5}},"68":{"start":{"line":206,"column":17},"end":{"line":206,"column":24}},"69":{"start":{"line":207,"column":6},"end":{"line":207,"column":63}},"70":{"start":{"line":209,"column":6},"end":{"line":209,"column":71}},"71":{"start":{"line":217,"column":4},"end":{"line":223,"column":5}},"72":{"start":{"line":218,"column":17},"end":{"line":218,"column":24}},"73":{"start":{"line":219,"column":6},"end":{"line":219,"column":72}},"74":{"start":{"line":220,"column":6},"end":{"line":220,"column":75}},"75":{"start":{"line":222,"column":6},"end":{"line":222,"column":75}},"76":{"start":{"line":230,"column":4},"end":{"line":235,"column":5}},"77":{"start":{"line":231,"column":17},"end":{"line":231,"column":24}},"78":{"start":{"line":232,"column":6},"end":{"line":232,"column":63}},"79":{"start":{"line":234,"column":6},"end":{"line":234,"column":67}},"80":{"start":{"line":242,"column":4},"end":{"line":247,"column":5}},"81":{"start":{"line":243,"column":17},"end":{"line":243,"column":24}},"82":{"start":{"line":244,"column":6},"end":{"line":244,"column":75}},"83":{"start":{"line":246,"column":6},"end":{"line":246,"column":71}},"84":{"start":{"line":254,"column":4},"end":{"line":260,"column":5}},"85":{"start":{"line":255,"column":17},"end":{"line":255,"column":24}},"86":{"start":{"line":256,"column":6},"end":{"line":256,"column":72}},"87":{"start":{"line":257,"column":6},"end":{"line":257,"column":75}},"88":{"start":{"line":259,"column":6},"end":{"line":259,"column":75}},"89":{"start":{"line":267,"column":4},"end":{"line":273,"column":5}},"90":{"start":{"line":268,"column":17},"end":{"line":268,"column":24}},"91":{"start":{"line":269,"column":6},"end":{"line":269,"column":106}},"92":{"start":{"line":270,"column":6},"end":{"line":270,"column":109}},"93":{"start":{"line":272,"column":6},"end":{"line":272,"column":73}},"94":{"start":{"line":280,"column":4},"end":{"line":294,"column":5}},"95":{"start":{"line":281,"column":17},"end":{"line":281,"column":24}},"96":{"start":{"line":282,"column":6},"end":{"line":286,"column":9}},"97":{"start":{"line":287,"column":6},"end":{"line":291,"column":9}},"98":{"start":{"line":293,"column":6},"end":{"line":293,"column":82}},"99":{"start":{"line":301,"column":4},"end":{"line":318,"column":5}},"100":{"start":{"line":302,"column":17},"end":{"line":302,"column":24}},"101":{"start":{"line":303,"column":22},"end":{"line":313,"column":7}},"102":{"start":{"line":305,"column":50},"end":{"line":310,"column":9}},"103":{"start":{"line":314,"column":6},"end":{"line":314,"column":57}},"104":{"start":{"line":315,"column":6},"end":{"line":315,"column":60}},"105":{"start":{"line":317,"column":6},"end":{"line":317,"column":75}},"106":{"start":{"line":325,"column":4},"end":{"line":336,"column":5}},"107":{"start":{"line":326,"column":17},"end":{"line":326,"column":24}},"108":{"start":{"line":327,"column":22},"end":{"line":331,"column":7}},"109":{"start":{"line":332,"column":6},"end":{"line":332,"column":64}},"110":{"start":{"line":333,"column":6},"end":{"line":333,"column":67}},"111":{"start":{"line":335,"column":6},"end":{"line":335,"column":82}},"112":{"start":{"line":343,"column":4},"end":{"line":354,"column":5}},"113":{"start":{"line":344,"column":17},"end":{"line":344,"column":24}},"114":{"start":{"line":345,"column":6},"end":{"line":345,"column":59}},"115":{"start":{"line":346,"column":6},"end":{"line":346,"column":50}},"116":{"start":{"line":348,"column":6},"end":{"line":351,"column":7}},"117":{"start":{"line":349,"column":21},"end":{"line":349,"column":88}},"118":{"start":{"line":350,"column":8},"end":{"line":350,"column":49}},"119":{"start":{"line":353,"column":6},"end":{"line":353,"column":69}},"120":{"start":{"line":361,"column":4},"end":{"line":368,"column":5}},"121":{"start":{"line":362,"column":17},"end":{"line":362,"column":24}},"122":{"start":{"line":363,"column":6},"end":{"line":363,"column":77}},"123":{"start":{"line":364,"column":6},"end":{"line":364,"column":71}},"124":{"start":{"line":365,"column":6},"end":{"line":365,"column":68}},"125":{"start":{"line":367,"column":6},"end":{"line":367,"column":78}}},"fnMap":{"0":{"name":"(anonymous_0)","decl":{"start":{"line":10,"column":19},"end":{"line":10,"column":20}},"loc":{"start":{"line":10,"column":33},"end":{"line":28,"column":3}},"line":10},"1":{"name":"(anonymous_1)","decl":{"start":{"line":33,"column":28},"end":{"line":33,"column":29}},"loc":{"start":{"line":33,"column":38},"end":{"line":73,"column":3}},"line":33},"2":{"name":"(anonymous_2)","decl":{"start":{"line":57,"column":42},"end":{"line":57,"column":43}},"loc":{"start":{"line":57,"column":50},"end":{"line":59,"column":9}},"line":57},"3":{"name":"(anonymous_3)","decl":{"start":{"line":78,"column":18},"end":{"line":78,"column":19}},"loc":{"start":{"line":78,"column":36},"end":{"line":92,"column":3}},"line":78},"4":{"name":"(anonymous_4)","decl":{"start":{"line":97,"column":26},"end":{"line":97,"column":27}},"loc":{"start":{"line":97,"column":58},"end":{"line":106,"column":3}},"line":97},"5":{"name":"(anonymous_5)","decl":{"start":{"line":111,"column":36},"end":{"line":111,"column":37}},"loc":{"start":{"line":111,"column":50},"end":{"line":132,"column":3}},"line":111},"6":{"name":"(anonymous_6)","decl":{"start":{"line":137,"column":24},"end":{"line":137,"column":25}},"loc":{"start":{"line":137,"column":51},"end":{"line":161,"column":3}},"line":137},"7":{"name":"(anonymous_7)","decl":{"start":{"line":166,"column":24},"end":{"line":166,"column":25}},"loc":{"start":{"line":166,"column":38},"end":{"line":181,"column":3}},"line":166},"8":{"name":"(anonymous_8)","decl":{"start":{"line":186,"column":25},"end":{"line":186,"column":26}},"loc":{"start":{"line":186,"column":48},"end":{"line":199,"column":3}},"line":186},"9":{"name":"(anonymous_9)","decl":{"start":{"line":204,"column":23},"end":{"line":204,"column":24}},"loc":{"start":{"line":204,"column":39},"end":{"line":211,"column":3}},"line":204},"10":{"name":"(anonymous_10)","decl":{"start":{"line":216,"column":27},"end":{"line":216,"column":28}},"loc":{"start":{"line":216,"column":39},"end":{"line":224,"column":3}},"line":216},"11":{"name":"(anonymous_11)","decl":{"start":{"line":229,"column":19},"end":{"line":229,"column":20}},"loc":{"start":{"line":229,"column":31},"end":{"line":236,"column":3}},"line":229},"12":{"name":"(anonymous_12)","decl":{"start":{"line":241,"column":23},"end":{"line":241,"column":24}},"loc":{"start":{"line":241,"column":39},"end":{"line":248,"column":3}},"line":241},"13":{"name":"(anonymous_13)","decl":{"start":{"line":253,"column":27},"end":{"line":253,"column":28}},"loc":{"start":{"line":253,"column":39},"end":{"line":261,"column":3}},"line":253},"14":{"name":"(anonymous_14)","decl":{"start":{"line":266,"column":25},"end":{"line":266,"column":26}},"loc":{"start":{"line":266,"column":55},"end":{"line":274,"column":3}},"line":266},"15":{"name":"(anonymous_15)","decl":{"start":{"line":279,"column":31},"end":{"line":279,"column":32}},"loc":{"start":{"line":279,"column":57},"end":{"line":295,"column":3}},"line":279},"16":{"name":"(anonymous_16)","decl":{"start":{"line":300,"column":25},"end":{"line":300,"column":26}},"loc":{"start":{"line":300,"column":57},"end":{"line":319,"column":3}},"line":300},"17":{"name":"(anonymous_17)","decl":{"start":{"line":305,"column":44},"end":{"line":305,"column":45}},"loc":{"start":{"line":305,"column":50},"end":{"line":310,"column":9}},"line":305},"18":{"name":"(anonymous_18)","decl":{"start":{"line":324,"column":31},"end":{"line":324,"column":32}},"loc":{"start":{"line":324,"column":51},"end":{"line":337,"column":3}},"line":324},"19":{"name":"(anonymous_19)","decl":{"start":{"line":342,"column":21},"end":{"line":342,"column":22}},"loc":{"start":{"line":342,"column":39},"end":{"line":355,"column":3}},"line":342},"20":{"name":"(anonymous_20)","decl":{"start":{"line":360,"column":30},"end":{"line":360,"column":31}},"loc":{"start":{"line":360,"column":51},"end":{"line":369,"column":3}},"line":360}},"branchMap":{"0":{"loc":{"start":{"line":21,"column":6},"end":{"line":24,"column":7}},"type":"if","locations":[{"start":{"line":21,"column":6},"end":{"line":24,"column":7}},{"start":{},"end":{}}],"line":21},"1":{"loc":{"start":{"line":50,"column":6},"end":{"line":53,"column":7}},"type":"if","locations":[{"start":{"line":50,"column":6},"end":{"line":53,"column":7}},{"start":{},"end":{}}],"line":50},"2":{"loc":{"start":{"line":56,"column":6},"end":{"line":60,"column":7}},"type":"if","locations":[{"start":{"line":56,"column":6},"end":{"line":60,"column":7}},{"start":{},"end":{}}],"line":56},"3":{"loc":{"start":{"line":63,"column":6},"end":{"line":69,"column":7}},"type":"if","locations":[{"start":{"line":63,"column":6},"end":{"line":69,"column":7}},{"start":{"line":65,"column":13},"end":{"line":69,"column":7}}],"line":63},"4":{"loc":{"start":{"line":85,"column":6},"end":{"line":88,"column":7}},"type":"if","locations":[{"start":{"line":85,"column":6},"end":{"line":88,"column":7}},{"start":{},"end":{}}],"line":85},"5":{"loc":{"start":{"line":153,"column":6},"end":{"line":157,"column":7}},"type":"if","locations":[{"start":{"line":153,"column":6},"end":{"line":157,"column":7}},{"start":{},"end":{}}],"line":153},"6":{"loc":{"start":{"line":189,"column":6},"end":{"line":195,"column":7}},"type":"if","locations":[{"start":{"line":189,"column":6},"end":{"line":195,"column":7}},{"start":{},"end":{}}],"line":189},"7":{"loc":{"start":{"line":193,"column":19},"end":{"line":193,"column":88}},"type":"binary-expr","locations":[{"start":{"line":193,"column":19},"end":{"line":193,"column":26}},{"start":{"line":193,"column":30},"end":{"line":193,"column":88}}],"line":193},"8":{"loc":{"start":{"line":348,"column":6},"end":{"line":351,"column":7}},"type":"if","locations":[{"start":{"line":348,"column":6},"end":{"line":351,"column":7}},{"start":{},"end":{}}],"line":348}},"s":{"0":0,"1":0,"2":0,"3":0,"4":0,"5":0,"6":0,"7":0,"8":0,"9":0,"10":0,"11":0,"12":0,"13":0,"14":0,"15":0,"16":0,"17":0,"18":0,"19":0,"20":0,"21":0,"22":0,"23":0,"24":0,"25":0,"26":0,"27":0,"28":0,"29":0,"30":0,"31":0,"32":0,"33":0,"34":0,"35":0,"36":0,"37":0,"38":0,"39":0,"40":0,"41":0,"42":0,"43":0,"44":0,"45":0,"46":0,"47":0,"48":0,"49":0,"50":0,"51":0,"52":0,"53":0,"54":0,"55":0,"56":0,"57":0,"58":0,"59":0,"60":0,"61":0,"62":0,"63":0,"64":0,"65":0,"66":0,"67":0,"68":0,"69":0,"70":0,"71":0,"72":0,"73":0,"74":0,"75":0,"76":0,"77":0,"78":0,"79":0,"80":0,"81":0,"82":0,"83":0,"84":0,"85":0,"86":0,"87":0,"88":0,"89":0,"90":0,"91":0,"92":0,"93":0,"94":0,"95":0,"96":0,"97":0,"98":0,"99":0,"100":0,"101":0,"102":0,"103":0,"104":0,"105":0,"106":0,"107":0,"108":0,"109":0,"110":0,"111":0,"112":0,"113":0,"114":0,"115":0,"116":0,"117":0,"118":0,"119":0,"120":0,"121":0,"122":0,"123":0,"124":0,"125":0},"f":{"0":0,"1":0,"2":0,"3":0,"4":0,"5":0,"6":0,"7":0,"8":0,"9":0,"10":0,"11":0,"12":0,"13":0,"14":0,"15":0,"16":0,"17":0,"18":0,"19":0,"20":0},"b":{"0":[0,0],"1":[0,0],"2":[0,0],"3":[0,0],"4":[0,0],"5":[0,0],"6":[0,0],"7":[0,0],"8":[0,0]},"_coverageSchema":"1a1c01bbd47fc00a2c39e90264f33305004495a9","hash":"c2879992d3b55af4ec3c566a3897290e381d2aba"},"C:\\Users\\Tristan Zane\\OneDrive\\Desktop\\CAPSTONE\\backend\\src\\controllers\\barangayController.js":{"path":"C:\\Users\\Tristan Zane\\OneDrive\\Desktop\\CAPSTONE\\backend\\src\\controllers\\barangayController.js","statementMap":{"0":{"start":{"line":3,"column":22},"end":{"line":19,"column":1}},"1":{"start":{"line":4,"column":2},"end":{"line":18,"column":3}},"2":{"start":{"line":5,"column":17},"end":{"line":5,"column":46}},"3":{"start":{"line":6,"column":18},"end":{"line":6,"column":49}},"4":{"start":{"line":7,"column":17},"end":{"line":7,"column":35}},"5":{"start":{"line":9,"column":22},"end":{"line":9,"column":75}},"6":{"start":{"line":10,"column":18},"end":{"line":10,"column":47}},"7":{"start":{"line":12,"column":4},"end":{"line":15,"column":7}},"8":{"start":{"line":17,"column":4},"end":{"line":17,"column":88}},"9":{"start":{"line":21,"column":23},"end":{"line":32,"column":1}},"10":{"start":{"line":22,"column":2},"end":{"line":31,"column":3}},"11":{"start":{"line":23,"column":21},"end":{"line":26,"column":6}},"12":{"start":{"line":27,"column":4},"end":{"line":27,"column":82}},"13":{"start":{"line":27,"column":19},"end":{"line":27,"column":82}},"14":{"start":{"line":28,"column":4},"end":{"line":28,"column":23}},"15":{"start":{"line":30,"column":4},"end":{"line":30,"column":87}},"16":{"start":{"line":34,"column":22},"end":{"line":44,"column":1}},"17":{"start":{"line":35,"column":2},"end":{"line":43,"column":3}},"18":{"start":{"line":36,"column":59},"end":{"line":36,"column":67}},"19":{"start":{"line":37,"column":21},"end":{"line":39,"column":6}},"20":{"start":{"line":40,"column":4},"end":{"line":40,"column":35}},"21":{"start":{"line":42,"column":4},"end":{"line":42,"column":87}},"22":{"start":{"line":46,"column":22},"end":{"line":57,"column":1}},"23":{"start":{"line":47,"column":2},"end":{"line":56,"column":3}},"24":{"start":{"line":48,"column":59},"end":{"line":48,"column":67}},"25":{"start":{"line":49,"column":21},"end":{"line":52,"column":6}},"26":{"start":{"line":53,"column":4},"end":{"line":53,"column":23}},"27":{"start":{"line":55,"column":4},"end":{"line":55,"column":87}},"28":{"start":{"line":59,"column":26},"end":{"line":71,"column":1}},"29":{"start":{"line":60,"column":2},"end":{"line":70,"column":3}},"30":{"start":{"line":61,"column":23},"end":{"line":61,"column":36}},"31":{"start":{"line":62,"column":4},"end":{"line":62,"column":73}},"32":{"start":{"line":65,"column":4},"end":{"line":65,"column":50}},"33":{"start":{"line":67,"column":4},"end":{"line":67,"column":59}},"34":{"start":{"line":69,"column":4},"end":{"line":69,"column":87}}},"fnMap":{"0":{"name":"(anonymous_0)","decl":{"start":{"line":3,"column":22},"end":{"line":3,"column":23}},"loc":{"start":{"line":3,"column":42},"end":{"line":19,"column":1}},"line":3},"1":{"name":"(anonymous_1)","decl":{"start":{"line":21,"column":23},"end":{"line":21,"column":24}},"loc":{"start":{"line":21,"column":43},"end":{"line":32,"column":1}},"line":21},"2":{"name":"(anonymous_2)","decl":{"start":{"line":34,"column":22},"end":{"line":34,"column":23}},"loc":{"start":{"line":34,"column":42},"end":{"line":44,"column":1}},"line":34},"3":{"name":"(anonymous_3)","decl":{"start":{"line":46,"column":22},"end":{"line":46,"column":23}},"loc":{"start":{"line":46,"column":42},"end":{"line":57,"column":1}},"line":46},"4":{"name":"(anonymous_4)","decl":{"start":{"line":59,"column":26},"end":{"line":59,"column":27}},"loc":{"start":{"line":59,"column":46},"end":{"line":71,"column":1}},"line":59}},"branchMap":{"0":{"loc":{"start":{"line":5,"column":17},"end":{"line":5,"column":46}},"type":"binary-expr","locations":[{"start":{"line":5,"column":17},"end":{"line":5,"column":41}},{"start":{"line":5,"column":45},"end":{"line":5,"column":46}}],"line":5},"1":{"loc":{"start":{"line":6,"column":18},"end":{"line":6,"column":49}},"type":"binary-expr","locations":[{"start":{"line":6,"column":18},"end":{"line":6,"column":43}},{"start":{"line":6,"column":47},"end":{"line":6,"column":49}}],"line":6},"2":{"loc":{"start":{"line":27,"column":4},"end":{"line":27,"column":82}},"type":"if","locations":[{"start":{"line":27,"column":4},"end":{"line":27,"column":82}},{"start":{},"end":{}}],"line":27}},"s":{"0":1,"1":0,"2":0,"3":0,"4":0,"5":0,"6":0,"7":0,"8":0,"9":1,"10":0,"11":0,"12":0,"13":0,"14":0,"15":0,"16":1,"17":0,"18":0,"19":0,"20":0,"21":0,"22":1,"23":0,"24":0,"25":0,"26":0,"27":0,"28":1,"29":0,"30":0,"31":0,"32":0,"33":0,"34":0},"f":{"0":0,"1":0,"2":0,"3":0,"4":0},"b":{"0":[0,0],"1":[0,0],"2":[0,0]},"_coverageSchema":"1a1c01bbd47fc00a2c39e90264f33305004495a9","hash":"43921b2b61116a624bce15b066bf3d7bf1037df0"},"C:\\Users\\Tristan Zane\\OneDrive\\Desktop\\CAPSTONE\\backend\\src\\utils\\pagination.js":{"path":"C:\\Users\\Tristan Zane\\OneDrive\\Desktop\\CAPSTONE\\backend\\src\\utils\\pagination.js","statementMap":{"0":{"start":{"line":1,"column":29},"end":{"line":6,"column":1}},"1":{"start":{"line":2,"column":15},"end":{"line":2,"column":51}},"2":{"start":{"line":3,"column":16},"end":{"line":3,"column":69}},"3":{"start":{"line":4,"column":15},"end":{"line":4,"column":33}},"4":{"start":{"line":5,"column":2},"end":{"line":5,"column":31}},"5":{"start":{"line":8,"column":35},"end":{"line":13,"column":2}},"6":{"start":{"line":8,"column":60},"end":{"line":13,"column":1}}},"fnMap":{"0":{"name":"(anonymous_0)","decl":{"start":{"line":1,"column":29},"end":{"line":1,"column":30}},"loc":{"start":{"line":1,"column":40},"end":{"line":6,"column":1}},"line":1},"1":{"name":"(anonymous_1)","decl":{"start":{"line":8,"column":35},"end":{"line":8,"column":36}},"loc":{"start":{"line":8,"column":60},"end":{"line":13,"column":1}},"line":8}},"branchMap":{"0":{"loc":{"start":{"line":2,"column":31},"end":{"line":2,"column":46}},"type":"binary-expr","locations":[{"start":{"line":2,"column":31},"end":{"line":2,"column":41}},{"start":{"line":2,"column":45},"end":{"line":2,"column":46}}],"line":2},"1":{"loc":{"start":{"line":3,"column":41},"end":{"line":3,"column":58}},"type":"binary-expr","locations":[{"start":{"line":3,"column":41},"end":{"line":3,"column":52}},{"start":{"line":3,"column":56},"end":{"line":3,"column":58}}],"line":3}},"s":{"0":1,"1":4,"2":4,"3":4,"4":4,"5":1,"6":1},"f":{"0":4,"1":1},"b":{"0":[4,1],"1":[4,1]},"_coverageSchema":"1a1c01bbd47fc00a2c39e90264f33305004495a9","hash":"45c94837c287826f8af5613eb676a6b36da83353"},"C:\\Users\\Tristan Zane\\OneDrive\\Desktop\\CAPSTONE\\backend\\src\\utils\\generateToken.js":{"path":"C:\\Users\\Tristan Zane\\OneDrive\\Desktop\\CAPSTONE\\backend\\src\\utils\\generateToken.js","statementMap":{"0":{"start":{"line":3,"column":22},"end":{"line":15,"column":1}},"1":{"start":{"line":4,"column":1},"end":{"line":14,"column":3}}},"fnMap":{"0":{"name":"(anonymous_0)","decl":{"start":{"line":3,"column":22},"end":{"line":3,"column":23}},"loc":{"start":{"line":3,"column":32},"end":{"line":15,"column":1}},"line":3}},"branchMap":{"0":{"loc":{"start":{"line":9,"column":12},"end":{"line":9,"column":32}},"type":"binary-expr","locations":[{"start":{"line":9,"column":12},"end":{"line":9,"column":24}},{"start":{"line":9,"column":28},"end":{"line":9,"column":32}}],"line":9},"1":{"loc":{"start":{"line":10,"column":16},"end":{"line":10,"column":40}},"type":"binary-expr","locations":[{"start":{"line":10,"column":16},"end":{"line":10,"column":32}},{"start":{"line":10,"column":36},"end":{"line":10,"column":40}}],"line":10},"2":{"loc":{"start":{"line":13,"column":15},"end":{"line":13,"column":49}},"type":"binary-expr","locations":[{"start":{"line":13,"column":15},"end":{"line":13,"column":41}},{"start":{"line":13,"column":45},"end":{"line":13,"column":49}}],"line":13}},"s":{"0":1,"1":3},"f":{"0":3},"b":{"0":[3,2],"1":[3,2],"2":[3,3]},"_coverageSchema":"1a1c01bbd47fc00a2c39e90264f33305004495a9","hash":"552f062cd460543ee93fde3d48018b1dc5898e1f"},"C:\\Users\\Tristan Zane\\OneDrive\\Desktop\\CAPSTONE\\backend\\src\\middleware\\roleMiddleware.js":{"path":"C:\\Users\\Tristan Zane\\OneDrive\\Desktop\\CAPSTONE\\backend\\src\\middleware\\roleMiddleware.js","statementMap":{"0":{"start":{"line":3,"column":20},"end":{"line":13,"column":1}},"1":{"start":{"line":3,"column":30},"end":{"line":13,"column":1}},"2":{"start":{"line":4,"column":1},"end":{"line":6,"column":2}},"3":{"start":{"line":5,"column":2},"end":{"line":5,"column":66}},"4":{"start":{"line":8,"column":1},"end":{"line":10,"column":2}},"5":{"start":{"line":9,"column":2},"end":{"line":9,"column":63}},"6":{"start":{"line":12,"column":1},"end":{"line":12,"column":15}},"7":{"start":{"line":15,"column":28},"end":{"line":15,"column":48}},"8":{"start":{"line":16,"column":35},"end":{"line":16,"column":63}},"9":{"start":{"line":17,"column":31},"end":{"line":17,"column":54}}},"fnMap":{"0":{"name":"(anonymous_0)","decl":{"start":{"line":3,"column":20},"end":{"line":3,"column":21}},"loc":{"start":{"line":3,"column":30},"end":{"line":13,"column":1}},"line":3},"1":{"name":"(anonymous_1)","decl":{"start":{"line":3,"column":30},"end":{"line":3,"column":31}},"loc":{"start":{"line":3,"column":50},"end":{"line":13,"column":1}},"line":3}},"branchMap":{"0":{"loc":{"start":{"line":4,"column":1},"end":{"line":6,"column":2}},"type":"if","locations":[{"start":{"line":4,"column":1},"end":{"line":6,"column":2}},{"start":{},"end":{}}],"line":4},"1":{"loc":{"start":{"line":8,"column":1},"end":{"line":10,"column":2}},"type":"if","locations":[{"start":{"line":8,"column":1},"end":{"line":10,"column":2}},{"start":{},"end":{}}],"line":8}},"s":{"0":1,"1":4,"2":5,"3":1,"4":4,"5":1,"6":3,"7":1,"8":1,"9":1},"f":{"0":4,"1":5},"b":{"0":[1,4],"1":[1,3]},"_coverageSchema":"1a1c01bbd47fc00a2c39e90264f33305004495a9","hash":"624ec11
[...]
e":"if","locations":[{"start":{"line":217,"column":8},"end":{"line":226,"column":9}},{"start":{"line":224,"column":15},"end":{"line":226,"column":9}}],"line":217},"38":{"loc":{"start":{"line":229,"column":47},"end":{"line":229,"column":73}},"type":"binary-expr","locations":[{"start":{"line":229,"column":47},"end":{"line":229,"column":63}},{"start":{"line":229,"column":67},"end":{"line":229,"column":73}}],"line":229},"39":{"loc":{"start":{"line":231,"column":11},"end":{"line":236,"column":5}},"type":"if","locations":[{"start":{"line":231,"column":11},"end":{"line":236,"column":5}},{"start":{},"end":{}}],"line":231},"40":{"loc":{"start":{"line":233,"column":6},"end":{"line":235,"column":7}},"type":"if","locations":[{"start":{"line":233,"column":6},"end":{"line":235,"column":7}},{"start":{},"end":{}}],"line":233},"41":{"loc":{"start":{"line":240,"column":25},"end":{"line":240,"column":79}},"type":"binary-expr","locations":[{"start":{"line":240,"column":25},"end":{"line":240,"column":73}},{"start":{"line":240,"column":77},"end":{"line":240,"column":79}}],"line":240},"42":{"loc":{"start":{"line":251,"column":4},"end":{"line":255,"column":5}},"type":"if","locations":[{"start":{"line":251,"column":4},"end":{"line":255,"column":5}},{"start":{},"end":{}}],"line":251},"43":{"loc":{"start":{"line":252,"column":6},"end":{"line":254,"column":7}},"type":"if","locations":[{"start":{"line":252,"column":6},"end":{"line":254,"column":7}},{"start":{},"end":{}}],"line":252},"44":{"loc":{"start":{"line":277,"column":25},"end":{"line":277,"column":79}},"type":"binary-expr","locations":[{"start":{"line":277,"column":25},"end":{"line":277,"column":73}},{"start":{"line":277,"column":77},"end":{"line":277,"column":79}}],"line":277},"45":{"loc":{"start":{"line":288,"column":4},"end":{"line":300,"column":5}},"type":"if","locations":[{"start":{"line":288,"column":4},"end":{"line":300,"column":5}},{"start":{},"end":{}}],"line":288},"46":{"loc":{"start":{"line":297,"column":6},"end":{"line":299,"column":7}},"type":"if","locations":[{"start":{"line":297,"column":6},"end":{"line":299,"column":7}},{"start":{},"end":{}}],"line":297},"47":{"loc":{"start":{"line":306,"column":4},"end":{"line":306,"column":82}},"type":"if","locations":[{"start":{"line":306,"column":4},"end":{"line":306,"column":82}},{"start":{},"end":{}}],"line":306},"48":{"loc":{"start":{"line":378,"column":4},"end":{"line":378,"column":82}},"type":"if","locations":[{"start":{"line":378,"column":4},"end":{"line":378,"column":82}},{"start":{},"end":{}}],"line":378},"49":{"loc":{"start":{"line":401,"column":4},"end":{"line":408,"column":5}},"type":"if","locations":[{"start":{"line":401,"column":4},"end":{"line":408,"column":5}},{"start":{},"end":{}}],"line":401},"50":{"loc":{"start":{"line":404,"column":17},"end":{"line":406,"column":97}},"type":"cond-expr","locations":[{"start":{"line":405,"column":12},"end":{"line":405,"column":96}},{"start":{"line":406,"column":12},"end":{"line":406,"column":97}}],"line":404},"51":{"loc":{"start":{"line":411,"column":26},"end":{"line":411,"column":86}},"type":"binary-expr","locations":[{"start":{"line":411,"column":26},"end":{"line":411,"column":50}},{"start":{"line":411,"column":54},"end":{"line":411,"column":67}},{"start":{"line":411,"column":71},"end":{"line":411,"column":86}}],"line":411},"52":{"loc":{"start":{"line":502,"column":4},"end":{"line":504,"column":5}},"type":"if","locations":[{"start":{"line":502,"column":4},"end":{"line":504,"column":5}},{"start":{},"end":{}}],"line":502},"53":{"loc":{"start":{"line":511,"column":4},"end":{"line":513,"column":5}},"type":"if","locations":[{"start":{"line":511,"column":4},"end":{"line":513,"column":5}},{"start":{},"end":{}}],"line":511},"54":{"loc":{"start":{"line":515,"column":4},"end":{"line":517,"column":5}},"type":"if","locations":[{"start":{"line":515,"column":4},"end":{"line":517,"column":5}},{"start":{},"end":{}}],"line":515},"55":{"loc":{"start":{"line":519,"column":4},"end":{"line":751,"column":5}},"type":"if","locations":[{"start":{"line":519,"column":4},"end":{"line":751,"column":5}},{"start":{"line":678,"column":11},"end":{"line":751,"column":5}}],"line":519},"56":{"loc":{"start":{"line":521,"column":6},"end":{"line":533,"column":7}},"type":"if","locations":[{"start":{"line":521,"column":6},"end":{"line":533,"column":7}},{"start":{},"end":{}}],"line":521},"57":{"loc":{"start":{"line":525,"column":30},"end":{"line":525,"column":87}},"type":"binary-expr","locations":[{"start":{"line":525,"column":30},"end":{"line":525,"column":58}},{"start":{"line":525,"column":62},"end":{"line":525,"column":87}}],"line":525},"58":{"loc":{"start":{"line":526,"column":22},"end":{"line":526,"column":63}},"type":"binary-expr","locations":[{"start":{"line":526,"column":22},"end":{"line":526,"column":42}},{"start":{"line":526,"column":46},"end":{"line":526,"column":63}}],"line":526},"59":{"loc":{"start":{"line":527,"column":25},"end":{"line":527,"column":72}},"type":"binary-expr","locations":[{"start":{"line":527,"column":25},"end":{"line":527,"column":48}},{"start":{"line":527,"column":52},"end":{"line":527,"column":72}}],"line":527},"60":{"loc":{"start":{"line":528,"column":22},"end":{"line":528,"column":63}},"type":"binary-expr","locations":[{"start":{"line":528,"column":22},"end":{"line":528,"column":42}},{"start":{"line":528,"column":46},"end":{"line":528,"column":63}}],"line":528},"61":{"loc":{"start":{"line":529,"column":23},"end":{"line":529,"column":66}},"type":"binary-expr","locations":[{"start":{"line":529,"column":23},"end":{"line":529,"column":44}},{"start":{"line":529,"column":48},"end":{"line":529,"column":66}}],"line":529},"62":{"loc":{"start":{"line":530,"column":29},"end":{"line":530,"column":84}},"type":"binary-expr","locations":[{"start":{"line":530,"column":29},"end":{"line":530,"column":56}},{"start":{"line":530,"column":60},"end":{"line":530,"column":84}}],"line":530},"63":{"loc":{"start":{"line":537,"column":26},"end":{"line":537,"column":84}},"type":"binary-expr","locations":[{"start":{"line":537,"column":26},"end":{"line":537,"column":55}},{"start":{"line":537,"column":59},"end":{"line":537,"column":84}}],"line":537},"64":{"loc":{"start":{"line":539,"column":29},"end":{"line":539,"column":74}},"type":"binary-expr","locations":[{"start":{"line":539,"column":29},"end":{"line":539,"column":60}},{"start":{"line":539,"column":64},"end":{"line":539,"column":74}}],"line":539},"65":{"loc":{"start":{"line":540,"column":26},"end":{"line":540,"column":68}},"type":"binary-expr","locations":[{"start":{"line":540,"column":26},"end":{"line":540,"column":47}},{"start":{"line":540,"column":51},"end":{"line":540,"column":68}}],"line":540},"66":{"loc":{"start":{"line":541,"column":26},"end":{"line":541,"column":70}},"type":"binary-expr","locations":[{"start":{"line":541,"column":26},"end":{"line":541,"column":48}},{"start":{"line":541,"column":52},"end":{"line":541,"column":70}}],"line":541},"67":{"loc":{"start":{"line":551,"column":28},"end":{"line":551,"column":93}},"type":"binary-expr","locations":[{"start":{"line":551,"column":28},"end":{"line":551,"column":88}},{"start":{"line":551,"column":92},"end":{"line":551,"column":93}}],"line":551},"68":{"loc":{"start":{"line":551,"column":45},"end":{"line":551,"column":87}},"type":"binary-expr","locations":[{"start":{"line":551,"column":45},"end":{"line":551,"column":66}},{"start":{"line":551,"column":70},"end":{"line":551,"column":87}}],"line":551},"69":{"loc":{"start":{"line":556,"column":6},"end":{"line":580,"column":7}},"type":"if","locations":[{"start":{"line":556,"column":6},"end":{"line":580,"column":7}},{"start":{"line":561,"column":13},"end":{"line":580,"column":7}}],"line":556},"70":{"loc":{"start":{"line":556,"column":10},"end":{"line":556,"column":89}},"type":"binary-expr","locations":[{"start":{"line":556,"column":10},"end":{"line":556,"column":25}},{"start":{"line":556,"column":29},"end":{"line":556,"column":59}},{"start":{"line":556,"column":63},"end":{"line":556,"column":89}}],"line":556},"71":{"loc":{"start":{"line":572,"column":8},"end":{"line":579,"column":9}},"type":"if","locations":[{"start":{"line":572,"column":8},"end":{"line":579,"column":9}},{"start":{},"end":{}}],"line":572},"72":{"loc":{"start":{"line":572,"column":12},"end":{"line":572,"column":56}},"type":"binary-expr","locations":[{"start":{"line":572,"column":12},"end":{"line":572,"column":26}},{"start":{"line":572,"column":30},"end":{"line":572,"column":56}}],"line":572},"73":{"loc":{"start":{"line":583,"column":6},"end":{"line":612,"column":7}},"type":"if","locations":[{"start":{"line":583,"column":6},"end":{"line":612,"column":7}},{"start":{},"end":{}}],"line":583},"74":{"loc":{"start":{"line":583,"column":10},"end":{"line":583,"column":51}},"type":"binary-expr","locations":[{"start":{"line":583,"column":10},"end":{"line":583,"column":23}},{"start":{"line":583,"column":27},"end":{"line":583,"column":51}}],"line":583},"75":{"loc":{"start":{"line":653,"column":8},"end":{"line":669,"column":9}},"type":"if","locations":[{"start":{"line":653,"column":8},"end":{"line":669,"column":9}},{"start":{},"end":{}}],"line":653},"76":{"loc":{"start":{"line":653,"column":12},"end":{"line":653,"column":51}},"type":"binary-expr","locations":[{"start":{"line":653,"column":12},"end":{"line":653,"column":16}},{"start":{"line":653,"column":20},"end":{"line":653,"column":33}},{"start":{"line":653,"column":37},"end":{"line":653,"column":51}}],"line":653},"77":{"loc":{"start":{"line":663,"column":29},"end":{"line":663,"column":63}},"type":"binary-expr","locations":[{"start":{"line":663,"column":29},"end":{"line":663,"column":55}},{"start":{"line":663,"column":59},"end":{"line":663,"column":63}}],"line":663},"78":{"loc":{"start":{"line":678,"column":11},"end":{"line":751,"column":5}},"type":"if","locations":[{"start":{"line":678,"column":11},"end":{"line":751,"column":5}},{"start":{"line":727,"column":11},"end":{"line":751,"column":5}}],"line":678},"79":{"loc":{"start":{"line":692,"column":19},"end":{"line":692,"column":62}},"type":"binary-expr","locations":[{"start":{"line":692,"column":19},"end":{"line":692,"column":26}},{"start":{"line":692,"column":30},"end":{"line":692,"column":62}}],"line":692},"80":{"loc":{"start":{"line":697,"column":6},"end":{"line":707,"column":7}},"type":"if","locations":[{"start":{"line":697,"column":6},"end":{"line":707,"column":7}},{"start":{},"end":{}}],"line":697},"81":{"loc":{"start":{"line":718,"column":80},"end":{"line":718,"column":103}},"type":"binary-expr","locations":[{"start":{"line":718,"column":80},"end":{"line":718,"column":87}},{"start":{"line":718,"column":91},"end":{"line":718,"column":103}}],"line":718},"82":{"loc":{"start":{"line":727,"column":11},"end":{"line":751,"column":5}},"type":"if","locations":[{"start":{"line":727,"column":11},"end":{"line":751,"column":5}},{"start":{"line":749,"column":11},"end":{"line":751,"column":5}}],"line":727},"83":{"loc":{"start":{"line":729,"column":6},"end":{"line":739,"column":7}},"type":"if","locations":[{"start":{"line":729,"column":6},"end":{"line":739,"column":7}},{"start":{},"end":{}}],"line":729},"84":{"loc":{"start":{"line":735,"column":26},"end":{"line":735,"column":95}},"type":"binary-expr","locations":[{"start":{"line":735,"column":26},"end":{"line":735,"column":33}},{"start":{"line":735,"column":37},"end":{"line":735,"column":95}}],"line":735},"85":{"loc":{"start":{"line":769,"column":4},"end":{"line":771,"column":5}},"type":"if","locations":[{"start":{"line":769,"column":4},"end":{"line":771,"column":5}},{"start":{},"end":{}}],"line":769},"86":{"loc":{"start":{"line":777,"column":4},"end":{"line":779,"column":5}},"type":"if","locations":[{"start":{"line":777,"column":4},"end":{"line":779,"column":5}},{"start":{},"end":{}}],"line":777},"87":{"loc":{"start":{"line":781,"column":4},"end":{"line":783,"column":5}},"type":"if","locations":[{"start":{"line":781,"column":4},"end":{"line":783,"column":5}},{"start":{},"end":{}}],"line":781},"88":{"loc":{"start":{"line":789,"column":26},"end":{"line":789,"column":71}},"type":"binary-expr","locations":[{"start":{"line":789,"column":26},"end":{"line":789,"column":42}},{"start":{"line":789,"column":46},"end":{"line":789,"column":71}}],"line":789},"89":{"loc":{"start":{"line":790,"column":18},"end":{"line":790,"column":47}},"type":"binary-expr","locations":[{"start":{"line":790,"column":18},"end":{"line":790,"column":26}},{"start":{"line":790,"column":30},"end":{"line":790,"column":47}}],"line":790},"90":{"loc":{"start":{"line":791,"column":21},"end":{"line":791,"column":56}},"type":"binary-expr","locations":[{"start":{"line":791,"column":21},"end":{"line":791,"column":32}},{"start":{"line":791,"column":36},"end":{"line":791,"column":56}}],"line":791},"91":{"loc":{"start":{"line":792,"column":18},"end":{"line":792,"column":47}},"type":"binary-expr","locations":[{"start":{"line":792,"column":18},"end":{"line":792,"column":26}},{"start":{"line":792,"column":30},"end":{"line":792,"column":47}}],"line":792},"92":{"loc":{"start":{"line":793,"column":19},"end":{"line":793,"column":50}},"type":"binary-expr","locations":[{"start":{"line":793,"column":19},"end":{"line":793,"column":28}},{"start":{"line":793,"column":32},"end":{"line":793,"column":50}}],"line":793},"93":{"loc":{"start":{"line":794,"column":25},"end":{"line":794,"column":68}},"type":"binary-expr","locations":[{"start":{"line":794,"column":25},"end":{"line":794,"column":40}},{"start":{"line":794,"column":44},"end":{"line":794,"column":68}}],"line":794},"94":{"loc":{"start":{"line":834,"column":4},"end":{"line":836,"column":5}},"type":"if","locations":[{"start":{"line":834,"column":4},"end":{"line":836,"column":5}},{"start":{},"end":{}}],"line":834},"95":{"loc":{"start":{"line":839,"column":4},"end":{"line":841,"column":5}},"type":"if","locations":[{"start":{"line":839,"column":4},"end":{"line":841,"column":5}},{"start":{},"end":{}}],"line":839},"96":{"loc":{"start":{"line":848,"column":4},"end":{"line":848,"column":82}},"type":"if","locations":[{"start":{"line":848,"column":4},"end":{"line":848,"column":82}},{"start":{},"end":{}}],"line":848},"97":{"loc":{"start":{"line":885,"column":23},"end":{"line":885,"column":49}},"type":"default-arg","locations":[{"start":{"line":885,"column":48},"end":{"line":885,"column":49}}],"line":885},"98":{"loc":{"start":{"line":888,"column":4},"end":{"line":890,"column":5}},"type":"if","locations":[{"start":{"line":888,"column":4},"end":{"line":890,"column":5}},{"start":{},"end":{}}],"line":888},"99":{"loc":{"start":{"line":897,"column":4},"end":{"line":897,"column":82}},"type":"if","locations":[{"start":{"line":897,"column":4},"end":{"line":897,"column":82}},{"start":{},"end":{}}],"line":897},"100":{"loc":{"start":{"line":904,"column":6},"end":{"line":904,"column":33}},"type":"binary-expr","locations":[{"start":{"line":904,"column":6},"end":{"line":904,"column":28}},{"start":{"line":904,"column":32},"end":{"line":904,"column":33}}],"line":904},"101":{"loc":{"start":{"line":905,"column":6},"end":{"line":905,"column":59}},"type":"binary-expr","locations":[{"start":{"line":905,"column":6},"end":{"line":905,"column":15}},{"start":{"line":905,"column":19},"end":{"line":905,"column":59}}],"line":905},"102":{"loc":{"start":{"line":913,"column":4},"end":{"line":915,"column":5}},"type":"if","locations":[{"start":{"line":913,"column":4},"end":{"line":915,"column":5}},{"start":{},"end":{}}],"line":913},"103":{"loc":{"start":{"line":981,"column":12},"end":{"line":981,"column":21}},"type":"default-arg","locations":[{"start":{"line":981,"column":19},"end":{"line":981,"column":21}}],"line":981},"104":{"loc":{"start":{"line":981,"column":23},"end":{"line":981,"column":33}},"type":"default-arg","locations":[{"start":{"line":981,"column":31},"end":{"line":981,"column":33}}],"line":981},"105":{"loc":{"start":{"line":1015,"column":19},"end":{"line":1015,"column":91}},"type":"cond-expr","locations":[{"start":{"line":1015,"column":43},"end":{"line":1015,"column":49}},{"start":{"line":1015,"column":52},"end":{"line":1015,"column":91}}],"line":1015},"106":{"loc":{"start":{"line":1015,"column":52},"end":{"line":1015,"column":91}},"type":"cond-expr","locations":[{"start":{"line":1015,"column":75},"end":{"line":1015,"column":83}},{"start":{"line":1015,"column":86},"end":{"line":1015,"column":91}}],"line":1015}},"s":{"0":1,"1":1,"2":1,"3":1,"4":1,"5":1,"6":0,"7":1,"8":1,"9":1,"10":1,"11":1,"12":1,"13":1,"14":66,"15":1,"16":1,"17":1,"18":0,"19":0,"20":0,"21":0,"22":0,"23":0,"24":0,"25":0,"26":0,"27":0,"28":0,"29":0,"30":0,"31":0,"32":0,"33":1,"34":0,"35":0,"36":0,"37":0,"38":0,"39":0,"40":0,"41":0,"42":0,"43":0,"44":0,"45":0,"46":0,"47":0,"48":0,"49":0,"50":0,"51":0,"52":0,"53":0,"54":0,"55":0,"56":0,"57":0,"58":0,"59":0,"60":0,"61":0,"62":0,"63":0,"64":0,"65":0,"66":0,"67":0,"68":0,"69":0,"70":0,"71":0,"72":0,"73":0,"74":0,"75":0,"76":0,"77":0,"78":0,"79":0,"80":0,"81":0,"82":0,"83":0,"84":0,"85":0,"86":0,"87":0,"88":0,"89":0,"90":0,"91":0,"92":0,"93":0,"94":0,"95":0,"96":1,"97":0,"98":0,"99":0,"100":0,"101":0,"102":0,"103":0,"104":0,"105":0,"106":0,"107":0,"108":0,"109":0,"110":1,"111":0,"112":0,"113":0,"114":0,"115":0,"116":0,"117":0,"118":0,"119":1,"120":0,"121":0,"122":0,"123":0,"124":1,"125":0,"126":0,"127":0,"128":0,"129":0,"130":0,"131":0,"132":0,"133":0,"134":0,"135":0,"136":0,"137":0,"138":0,"139":0,"140":0,"141":0,"142":0,"143":0,"144":0,"145":0,"146":0,"147":0,"148":0,"149":0,"150":0,"151":0,"152":0,"153":0,"154":1,"155":1,"156":1,"157":1,"158":1,"159":1,"160":0,"161":0,"162":0,"163":0,"164":0,"165":0,"166":0,"167":0,"168":0,"169":0,"170":0,"171":0,"172":0,"173":0,"174":0,"175":0,"176":0,"177":0,"178":0,"179":0,"180":0,"181":0,"182":0,"183":0,"184":0,"185":0,"186":0,"187":0,"188":0,"189":0,"190":0,"191":0,"192":0,"193":0,"194":0,"195":0,"196":0,"197":0,"198":0,"199":0,"200":0,"201":0,"202":0,"203":0,"204":0,"205":0,"206":0,"207":0,"208":0,"209":0,"210":0,"211":0,"212":0,"213":0,"214":1,"215":1,"216":1,"217":1,"218":1,"219":1,"220":0,"221":0,"222":0,"223":0,"224":0,"225":0,"226":0,"227":0,"228":0,"229":0,"230":1,"231":0,"232":0,"233":0,"234":0,"235":0,"236":0,"237":0,"238":0,"239":0,"240":0,"241":0,"242":0,"243":0,"244":0,"245":0,"246":0,"247":1,"248":0,"249":0,"250":0,"251":0,"252":0,"253":0,"254":0,"255":0,"256":0,"257":0,"258":0,"259":0,"260":0,"261":0,"262":0,"263":0,"264":0,"265":0,"266":0,"267":0,"268":0,"269":0,"270":0,"271":0,"272":0,"273":0,"274":0,"275":0,"276":1,"277":0,"278":0,"279":0,"280":0,"281":0,"282":0,"283":0,"284":0},"f":{"0":1,"1":66,"2":0,"3":0,"4":0,"5":0,"6":0,"7":0,"8":0,"9":0,"10":0,"11":0,"12":0,"13":0,"14":0,"15":1,"16":0,"17":1,"18":0,"19":0,"20":0,"21":0,"22":0,"23":0,"24":0},"b":{"0":[0,1],"1":[1,0],"2":[1,0],"3":[1,1,1,1,1,1,1,1,0,0,0],"4":[1,1,0,0],"5":[1,0],"6":[1,0,0,0],"7":[0,0],"8":[0,0],"9":[0,0],"10":[0,0],"11":[0,0],"12":[0,0],"13":[0,0],"14":[0,0],"15":[0,0],"16":[0,0],"17":[0,0],"18":[0,0],"19":[0,0],"20":[0,0],"21":[0,0],"22":[0,0],"23":[0,0],"24":[0,0],"25":[0,0],"26":[0,0],"27":[0,0],"28":[0,0],"29":[0,0],"30":[0,0],"31":[0,0],"32":[0,0],"33":[0,0,0],"34":[0,0],"35":[0,0],"36":[0,0],"37":[0,0],"38":[0,0],"39":[0,0],"40":[0,0],"41":[0,0],"42":[0,0],"43":[0,0],"44":[0,0],"45":[0,0],"46":[0,0],"47":[0,0],"48":[0,0],"49":[0,0],"50":[0,0],"51":[0,0,0],"52":[1,0],"53":[0,0],"54":[0,0],"55":[0,0],"56":[0,0],"57":[0,0],"58":[0,0],"59":[0,0],"60":[0,0],"61":[0,0],"62":[0,0],"63":[0,0],"64":[0,0],"65":[0,0],"66":[0,0],"67":[0,0],"68":[0,0],"69":[0,0],"70":[0,0,0],"71":[0,0],"72":[0,0],"73":[0,0],"74":[0,0],"75":[0,0],"76":[0,0,0],"77":[0,0],"78":[0,0],"79":[0,0],"80":[0,0],"81":[0,0],"82":[0,0],"83":[0,0],"84":[0,0],"85":[1,0],"86":[0,0],"87":[0,0],"88":[0,0],"89":[0,0],"90":[0,0],"91":[0,0],"92":[0,0],"93":[0,0],"94":[0,0],"95":[0,0],"96":[0,0],"97":[0],"98":[0,0],"99":[0,0],"100":[0,0],"101":[0,0],"102":[0,0],"103":[0],"104":[0],"105":[0,0],"106":[0,0]},"_coverageSchema":"1a1c01bbd47fc00a2c39e90264f33305004495a9","hash":"f5dc4d8931e70283a1082c8064e74eba6060dd25"}}}
